"../../../Engine/Plugins/Animation/ACLPlugin/Content/ACLAnimCurveCompressionSettings.uasset" 0
"../../../Engine/Plugins/Animation/ACLPlugin/Content/ACLAnimCurveCompressionSettings.uexp" 1
"../../../Engine/Plugins/Animation/ACLPlugin/Content/ACLAnimBoneCompressionSettings.uasset" 2
"../../../Engine/Plugins/Animation/ACLPlugin/Content/ACLAnimBoneCompressionSettings.uexp" 3
"../../../Engine/Plugins/2D/Paper2D/Content/PlaceholderTextures/DummySpriteTexture.ubulk" 4
"../../../Engine/Plugins/2D/Paper2D/Content/PlaceholderTextures/DummySpriteTexture.uasset" 5
"../../../Engine/Plugins/2D/Paper2D/Content/PlaceholderTextures/DummySpriteTexture.uexp" 6
"../../../Engine/Plugins/2D/Paper2D/Content/DummySprite.uasset" 7
"../../../Engine/Plugins/2D/Paper2D/Content/DummySprite.uexp" 8
"../../../Engine/Plugins/2D/Paper2D/Content/DefaultPaperTerrainMaterial.uasset" 9
"../../../Engine/Plugins/2D/Paper2D/Content/DefaultPaperTerrainMaterial.uexp" 10
"../../../Engine/Content/Animation/DefaultVariableFrameStrippingSettings.uasset" 11
"../../../Engine/Content/Animation/DefaultVariableFrameStrippingSettings.uexp" 12
"../../../Engine/Content/Animation/DefaultRecorderBoneCompression.uasset" 13
"../../../Engine/Content/Animation/DefaultRecorderBoneCompression.uexp" 14
"../../../Engine/Content/EngineMaterials/DefaultPhysicalMaterial.uasset" 15
"../../../Engine/Content/EngineMaterials/DefaultPhysicalMaterial.uexp" 16
"../../../Engine/Content/EngineMaterials/DefaultDestructiblePhysicalMaterial.uasset" 17
"../../../Engine/Content/EngineMaterials/DefaultDestructiblePhysicalMaterial.uexp" 18
"../../../Engine/Content/EngineFonts/Faces/DroidSansFallback.uexp" 19
"../../../Engine/Content/EngineFonts/Faces/DroidSansFallback.uasset" 20
"../../../Engine/Content/EngineFonts/Faces/DroidSansFallback.ufont" 21
"../../../Engine/Content/EngineFonts/Faces/RobotoBold.uexp" 22
"../../../Engine/Content/EngineFonts/Faces/RobotoBold.uasset" 23
"../../../Engine/Content/EngineFonts/Faces/RobotoBold.ufont" 24
"../../../Engine/Content/EngineFonts/Faces/RobotoBoldItalic.uexp" 25
"../../../Engine/Content/EngineFonts/Faces/RobotoBoldItalic.uasset" 26
"../../../Engine/Content/EngineFonts/Faces/RobotoBoldItalic.ufont" 27
"../../../Engine/Content/EngineFonts/Faces/RobotoItalic.uexp" 28
"../../../Engine/Content/EngineFonts/Faces/RobotoItalic.uasset" 29
"../../../Engine/Content/EngineFonts/Faces/RobotoItalic.ufont" 30
"../../../Engine/Content/EngineFonts/Faces/RobotoLight.uexp" 31
"../../../Engine/Content/EngineFonts/Faces/RobotoLight.uasset" 32
"../../../Engine/Content/EngineFonts/Faces/RobotoLight.ufont" 33
"../../../Engine/Content/EngineFonts/Faces/RobotoRegular.uexp" 34
"../../../Engine/Content/EngineFonts/Faces/RobotoRegular.uasset" 35
"../../../Engine/Content/EngineFonts/Faces/RobotoRegular.ufont" 36
"../../../Engine/Content/EngineFonts/Roboto.uasset" 37
"../../../Engine/Content/EngineFonts/Roboto.uexp" 38
"../../../Engine/Content/EngineFonts/Faces/DroidSansMono.uexp" 39
"../../../Engine/Content/EngineFonts/Faces/DroidSansMono.uasset" 40
"../../../Engine/Content/EngineFonts/Faces/DroidSansMono.ufont" 41
"../../../Engine/Content/EngineFonts/DroidSansMono.uasset" 42
"../../../Engine/Content/EngineFonts/DroidSansMono.uexp" 43
"../../../Engine/Plugins/Animation/ControlRig/Content/Controls/DefaultGizmoLibraryNormalized.uasset" 44
"../../../Engine/Plugins/Animation/ControlRig/Content/Controls/DefaultGizmoLibraryNormalized.uexp" 45
"../../../Engine/Content/EngineSounds/Master.uasset" 46
"../../../Engine/Content/EngineSounds/Master.uexp" 47
"../../../Engine/Content/EngineResources/GradientTexture0.uasset" 48
"../../../Engine/Content/EngineResources/GradientTexture0.uexp" 49
"../../../Engine/Content/EngineResources/Black.uasset" 50
"../../../Engine/Content/EngineResources/Black.uexp" 51
"../../../Engine/Content/EditorResources/S_Actor.ubulk" 52
"../../../Engine/Content/EditorResources/S_Actor.uasset" 53
"../../../Engine/Content/EditorResources/S_Actor.uexp" 54
"../../../Engine/Content/EditorResources/S_Trigger.ubulk" 55
"../../../Engine/Content/EditorResources/S_Trigger.uasset" 56
"../../../Engine/Content/EditorResources/S_Trigger.uexp" 57
"../../../Engine/Content/EditorResources/S_BoxReflectionCapture.uasset" 58
"../../../Engine/Content/EditorResources/S_BoxReflectionCapture.uexp" 59
"../../../Engine/Content/EngineResources/DefaultTexture.ubulk" 60
"../../../Engine/Content/EngineResources/DefaultTexture.uasset" 61
"../../../Engine/Content/EngineResources/DefaultTexture.uexp" 62
"../../../Engine/Content/EditorResources/S_TriggerBox.uasset" 63
"../../../Engine/Content/EditorResources/S_TriggerBox.uexp" 64
"../../../Engine/Content/EditorResources/S_TriggerCapsule.uasset" 65
"../../../Engine/Content/EditorResources/S_TriggerCapsule.uexp" 66
"../../../Engine/Content/EditorResources/S_TriggerSphere.uasset" 67
"../../../Engine/Content/EditorResources/S_TriggerSphere.uexp" 68
"../../../Engine/Content/EngineMeshes/Sphere.ubulk" 69
"../../../Engine/Content/EngineMeshes/Sphere.uasset" 70
"../../../Engine/Content/EngineMeshes/Sphere.uexp" 71
"../../../Engine/Content/EngineResources/DefaultTextureCube.uasset" 72
"../../../Engine/Content/EngineResources/DefaultTextureCube.uexp" 73
"../../../Engine/Content/EngineResources/DefaultVolumeTexture2D.uasset" 74
"../../../Engine/Content/EngineResources/DefaultVolumeTexture2D.uexp" 75
"../../../Engine/Content/EngineResources/DefaultVolumeTexture.uasset" 76
"../../../Engine/Content/EngineResources/DefaultVolumeTexture.uexp" 77
"../../../Engine/Plugins/2D/Paper2D/Content/DefaultSpriteMaterial.uasset" 78
"../../../Engine/Plugins/2D/Paper2D/Content/DefaultSpriteMaterial.uexp" 79
"../../../Engine/Plugins/2D/Paper2D/Content/OpaqueUnlitSpriteMaterial.uasset" 80
"../../../Engine/Plugins/2D/Paper2D/Content/OpaqueUnlitSpriteMaterial.uexp" 81
"../../../Engine/Plugins/2D/Paper2D/Content/MaskedUnlitSpriteMaterial.uasset" 82
"../../../Engine/Plugins/2D/Paper2D/Content/MaskedUnlitSpriteMaterial.uexp" 83
"../../../Engine/Content/Functions/Engine_MaterialFunctions01/Opacity/CameraDepthFade.uasset" 84
"../../../Engine/Content/Functions/Engine_MaterialFunctions01/Opacity/CameraDepthFade.uexp" 85
"../../../Engine/Content/EngineMaterials/T_Default_Material_Grid_M.ubulk" 86
"../../../Engine/Content/EngineMaterials/T_Default_Material_Grid_M.uasset" 87
"../../../Engine/Content/EngineMaterials/T_Default_Material_Grid_M.uexp" 88
"../../../Engine/Content/EngineMaterials/T_Default_Material_Grid_N.ubulk" 89
"../../../Engine/Content/EngineMaterials/T_Default_Material_Grid_N.uasset" 90
"../../../Engine/Content/EngineMaterials/T_Default_Material_Grid_N.uexp" 91
"../../../Engine/Content/EngineMaterials/WorldGridMaterial.uasset" 92
"../../../Engine/Content/EngineMaterials/WorldGridMaterial.uexp" 93
"../../../Engine/Plugins/Media/MediaPlate/Content/SM_MediaPlateScreen.ubulk" 94
"../../../Engine/Plugins/Media/MediaPlate/Content/SM_MediaPlateScreen.uasset" 95
"../../../Engine/Plugins/Media/MediaPlate/Content/SM_MediaPlateScreen.uexp" 96
"../../../Engine/Content/Functions/Engine_MaterialFunctions02/WorldPositionOffset/CameraOffset.uasset" 97
"../../../Engine/Content/Functions/Engine_MaterialFunctions02/WorldPositionOffset/CameraOffset.uexp" 98
"../../../Engine/Plugins/Animation/ControlRig/Content/M_Manip.uasset" 99
"../../../Engine/Plugins/Animation/ControlRig/Content/M_Manip.uexp" 100
"../../../Engine/Content/EngineMaterials/DefaultMaterial.uasset" 101
"../../../Engine/Content/EngineMaterials/DefaultMaterial.uexp" 102
"../../../Engine/Content/BasicShapes/Sphere.ubulk" 103
"../../../Engine/Content/BasicShapes/Sphere.uasset" 104
"../../../Engine/Content/BasicShapes/Sphere.uexp" 105
"../../../Engine/Content/BasicShapes/Plane.ubulk" 106
"../../../Engine/Content/BasicShapes/Plane.uasset" 107
"../../../Engine/Content/BasicShapes/Plane.uexp" 108
"../../../Engine/Content/BasicShapes/Cylinder.ubulk" 109
"../../../Engine/Content/BasicShapes/Cylinder.uasset" 110
"../../../Engine/Content/BasicShapes/Cylinder.uexp" 111
"../../../Engine/Content/BasicShapes/Cube.ubulk" 112
"../../../Engine/Content/BasicShapes/Cube.uasset" 113
"../../../Engine/Content/BasicShapes/Cube.uexp" 114
"../../../Engine/Content/BasicShapes/Cone.ubulk" 115
"../../../Engine/Content/BasicShapes/Cone.uasset" 116
"../../../Engine/Content/BasicShapes/Cone.uexp" 117
"../../../Engine/Content/BasicShapes/BasicShapeMaterial.uasset" 118
"../../../Engine/Content/BasicShapes/BasicShapeMaterial.uexp" 119
"../../../Engine/Content/EditorLandscapeResources/SplineEditorMeshMat.uasset" 120
"../../../Engine/Content/EditorLandscapeResources/SplineEditorMeshMat.uexp" 121
"../../../Engine/Content/EditorLandscapeResources/SplineEditorMesh.ubulk" 122
"../../../Engine/Content/EditorLandscapeResources/SplineEditorMesh.uasset" 123
"../../../Engine/Content/EditorLandscapeResources/SplineEditorMesh.uexp" 124
"../../../Engine/Content/EditorLandscapeResources/WhiteSquareTexture.uasset" 125
"../../../Engine/Content/EditorLandscapeResources/WhiteSquareTexture.uexp" 126
"../../../Engine/Content/EditorLandscapeResources/DefaultAlphaTexture.uasset" 127
"../../../Engine/Content/EditorLandscapeResources/DefaultAlphaTexture.uexp" 128
"../../../Engine/Content/Functions/Engine_MaterialFunctions03/Math/WithinRangeFloat2.uasset" 129
"../../../Engine/Content/Functions/Engine_MaterialFunctions03/Math/WithinRangeFloat2.uexp" 130
"../../../Engine/Content/EditorLandscapeResources/SelectBrushMaterial.uasset" 131
"../../../Engine/Content/EditorLandscapeResources/SelectBrushMaterial.uexp" 132
"../../../Engine/Content/EditorLandscapeResources/SelectBrushMaterial_SelectedRegion.uasset" 133
"../../../Engine/Content/EditorLandscapeResources/SelectBrushMaterial_SelectedRegion.uexp" 134
"../../../Engine/Content/EditorLandscapeResources/SelectBrushMaterial_Selected.uasset" 135
"../../../Engine/Content/EditorLandscapeResources/SelectBrushMaterial_Selected.uexp" 136
"../../../Engine/Content/Functions/Engine_MaterialFunctions02/Utility/MakeFloat3.uasset" 137
"../../../Engine/Content/Functions/Engine_MaterialFunctions02/Utility/MakeFloat3.uexp" 138
"../../../Engine/Content/EditorLandscapeResources/MaskBrushMaterial.uasset" 139
"../../../Engine/Content/EditorLandscapeResources/MaskBrushMaterial.uexp" 140
"../../../Engine/Content/EditorLandscapeResources/MaskBrushMaterial_MaskedRegion.uasset" 141
"../../../Engine/Content/EditorLandscapeResources/MaskBrushMaterial_MaskedRegion.uexp" 142
"../../../Engine/Content/EditorLandscapeResources/LayerVisMaterial.uasset" 143
"../../../Engine/Content/EditorLandscapeResources/LayerVisMaterial.uexp" 144
"../../../Engine/Content/Functions/Engine_MaterialFunctions02/Utility/BreakOutFloat2Components.uasset" 145
"../../../Engine/Content/Functions/Engine_MaterialFunctions02/Utility/BreakOutFloat2Components.uexp" 146
"../../../Engine/Content/Functions/Engine_MaterialFunctions01/Texturing/ScaleUVsByCenter.uasset" 147
"../../../Engine/Content/Functions/Engine_MaterialFunctions01/Texturing/ScaleUVsByCenter.uexp" 148
"../../../Engine/Content/Functions/Engine_MaterialFunctions02/WorldPositionOffset/LocalPosition.uasset" 149
"../../../Engine/Content/Functions/Engine_MaterialFunctions02/WorldPositionOffset/LocalPosition.uexp" 150
"../../../Engine/Content/EngineMaterials/DefaultDiffuse.ubulk" 151
"../../../Engine/Content/EngineMaterials/DefaultDiffuse.uasset" 152
"../../../Engine/Content/EngineMaterials/DefaultDiffuse.uexp" 153
"../../../Engine/Content/Functions/Engine_MaterialFunctions01/Texturing/TextureCropping.uasset" 154
"../../../Engine/Content/Functions/Engine_MaterialFunctions01/Texturing/TextureCropping.uexp" 155
"../../../Engine/Content/Functions/Engine_MaterialFunctions02/ExampleContent/DebugNumberStrip.uasset" 156
"../../../Engine/Content/Functions/Engine_MaterialFunctions02/ExampleContent/DebugNumberStrip.uexp" 157
"../../../Engine/Content/Functions/Engine_MaterialFunctions01/Debug/DebugIntValues.uasset" 158
"../../../Engine/Content/Functions/Engine_MaterialFunctions01/Debug/DebugIntValues.uexp" 159
"../../../Engine/Content/EditorLandscapeResources/LandscapeLayerUsageMaterial.uasset" 160
"../../../Engine/Content/EditorLandscapeResources/LandscapeLayerUsageMaterial.uexp" 161
"../../../Engine/Content/EditorLandscapeResources/LandscapeDirtyMaterial.uasset" 162
"../../../Engine/Content/EditorLandscapeResources/LandscapeDirtyMaterial.uexp" 163
"../../../Engine/Content/EditorLandscapeResources/ColorMaskBrushMaterial.uasset" 164
"../../../Engine/Content/EditorLandscapeResources/ColorMaskBrushMaterial.uexp" 165
"../../../Engine/Content/EditorLandscapeResources/ColorMaskBrushMaterial_MaskedRegion.uasset" 166
"../../../Engine/Content/EditorLandscapeResources/ColorMaskBrushMaterial_MaskedRegion.uexp" 167
"../../../Engine/Content/EditorMaterials/PreviewShadowIndicator.ubulk" 168
"../../../Engine/Content/EditorMaterials/PreviewShadowIndicator.uasset" 169
"../../../Engine/Content/EditorMaterials/PreviewShadowIndicator.uexp" 170
"../../../Engine/Content/EditorMaterials/PreviewShadowIndicatorMaterial.uasset" 171
"../../../Engine/Content/EditorMaterials/PreviewShadowIndicatorMaterial.uexp" 172
"../../../Engine/Content/EditorMaterials/PhAT_UnselectedMaterial.uasset" 173
"../../../Engine/Content/EditorMaterials/PhAT_UnselectedMaterial.uexp" 174
"../../../Engine/Content/EditorMaterials/PhAT_NoCollisionMaterial.uasset" 175
"../../../Engine/Content/EditorMaterials/PhAT_NoCollisionMaterial.uexp" 176
"../../../Engine/Content/EngineResources/WhiteSquareTexture.uasset" 177
"../../../Engine/Content/EngineResources/WhiteSquareTexture.uexp" 178
"../../../Engine/Content/EngineMaterials/Widget3DPassThrough.uasset" 179
"../../../Engine/Content/EngineMaterials/Widget3DPassThrough.uexp" 180
"../../../Engine/Content/EngineMaterials/Widget3DPassThrough_Translucent.uasset" 181
"../../../Engine/Content/EngineMaterials/Widget3DPassThrough_Translucent.uexp" 182
"../../../Engine/Content/EngineMaterials/Widget3DPassThrough_Translucent_OneSided.uasset" 183
"../../../Engine/Content/EngineMaterials/Widget3DPassThrough_Translucent_OneSided.uexp" 184
"../../../Engine/Content/EngineMaterials/Widget3DPassThrough_Opaque.uasset" 185
"../../../Engine/Content/EngineMaterials/Widget3DPassThrough_Opaque.uexp" 186
"../../../Engine/Content/EngineMaterials/Widget3DPassThrough_Opaque_OneSided.uasset" 187
"../../../Engine/Content/EngineMaterials/Widget3DPassThrough_Opaque_OneSided.uexp" 188
"../../../Engine/Content/EngineMaterials/Widget3DPassThrough_Masked_OneSided.uasset" 189
"../../../Engine/Content/EngineMaterials/Widget3DPassThrough_Masked_OneSided.uexp" 190
"../../../Engine/Content/EngineMaterials/Widget3DPassThrough_Masked.uasset" 191
"../../../Engine/Content/EngineMaterials/Widget3DPassThrough_Masked.uexp" 192
"../../../Engine/Content/EngineMaterials/WeightMapPlaceholderTexture.uasset" 193
"../../../Engine/Content/EngineMaterials/WeightMapPlaceholderTexture.uexp" 194
"../../../Engine/Content/EngineMaterials/WeightMapArrayPlaceholderTexture.uasset" 195
"../../../Engine/Content/EngineMaterials/WeightMapArrayPlaceholderTexture.uexp" 196
"../../../Engine/Content/EngineMaterials/RemoveSurfaceMaterial.uasset" 197
"../../../Engine/Content/EngineMaterials/RemoveSurfaceMaterial.uexp" 198
"../../../Engine/Content/EngineMaterials/PreintegratedSkinBRDF.uasset" 199
"../../../Engine/Content/EngineMaterials/PreintegratedSkinBRDF.uexp" 200
"../../../Engine/Content/EngineMaterials/DefaultCalibrationGrayscale.uasset" 201
"../../../Engine/Content/EngineMaterials/DefaultCalibrationGrayscale.uexp" 202
"../../../Engine/Content/EngineMaterials/PPM_DefaultCalibrationGrayscale.uasset" 203
"../../../Engine/Content/EngineMaterials/PPM_DefaultCalibrationGrayscale.uexp" 204
"../../../Engine/Content/EngineMaterials/DefaultCalibrationColor.uasset" 205
"../../../Engine/Content/EngineMaterials/DefaultCalibrationColor.uexp" 206
"../../../Engine/Content/EngineMaterials/PPM_DefaultCalibrationColor.uasset" 207
"../../../Engine/Content/EngineMaterials/PPM_DefaultCalibrationColor.uexp" 208
"../../../Engine/Content/EngineMaterials/PhAT_JointLimitMaterial.uasset" 209
"../../../Engine/Content/EngineMaterials/PhAT_JointLimitMaterial.uexp" 210
"../../../Engine/Content/EngineMaterials/NaniteHiddenSectionMaterial.uasset" 211
"../../../Engine/Content/EngineMaterials/NaniteHiddenSectionMaterial.uexp" 212
"../../../Engine/Content/EngineMaterials/InvalidLightmapSettings.ubulk" 213
"../../../Engine/Content/EngineMaterials/InvalidLightmapSettings.uasset" 214
"../../../Engine/Content/EngineMaterials/InvalidLightmapSettings.uexp" 215
"../../../Engine/Content/EngineMaterials/M_InvalidLightmapSettings.uasset" 216
"../../../Engine/Content/EngineMaterials/M_InvalidLightmapSettings.uexp" 217
"../../../Engine/Content/EngineMaterials/MiniFont.uasset" 218
"../../../Engine/Content/EngineMaterials/MiniFont.uexp" 219
"../../../Engine/Content/EngineMaterials/GizmoMaterial.uasset" 220
"../../../Engine/Content/EngineMaterials/GizmoMaterial.uexp" 221
"../../../Engine/Content/EngineMaterials/BaseFlattenDiffuseMap_VT.uasset" 222
"../../../Engine/Content/EngineMaterials/BaseFlattenDiffuseMap_VT.uexp" 223
"../../../Engine/Content/EngineMaterials/BaseFlattenEmissiveMap_VT.uasset" 224
"../../../Engine/Content/EngineMaterials/BaseFlattenEmissiveMap_VT.uexp" 225
"../../../Engine/Content/EngineMaterials/BaseFlattenGrayscaleMap_VT.uasset" 226
"../../../Engine/Content/EngineMaterials/BaseFlattenGrayscaleMap_VT.uexp" 227
"../../../Engine/Content/EngineMaterials/BaseFlattenLinearColor_VT.uasset" 228
"../../../Engine/Content/EngineMaterials/BaseFlattenLinearColor_VT.uexp" 229
"../../../Engine/Content/EngineMaterials/BaseFlattenNormalMap_VT.uasset" 230
"../../../Engine/Content/EngineMaterials/BaseFlattenNormalMap_VT.uexp" 231
"../../../Engine/Content/EngineMaterials/Black_1x1_EXR_Texture_VT.uasset" 232
"../../../Engine/Content/EngineMaterials/Black_1x1_EXR_Texture_VT.uexp" 233
"../../../Engine/Content/EngineMaterials/FlattenMaterial_WS_Normal_VT.uasset" 234
"../../../Engine/Content/EngineMaterials/FlattenMaterial_WS_Normal_VT.uexp" 235
"../../../Engine/Content/EngineMaterials/FlattenMaterial_VT.uasset" 236
"../../../Engine/Content/EngineMaterials/FlattenMaterial_VT.uexp" 237
"../../../Engine/Content/EngineMaterials/BaseFlattenNormalMap.uasset" 238
"../../../Engine/Content/EngineMaterials/BaseFlattenNormalMap.uexp" 239
"../../../Engine/Content/EngineMaterials/BaseFlattenDiffuseMap.uasset" 240
"../../../Engine/Content/EngineMaterials/BaseFlattenDiffuseMap.uexp" 241
"../../../Engine/Content/EngineMaterials/BaseFlattenEmissiveMap.uasset" 242
"../../../Engine/Content/EngineMaterials/BaseFlattenEmissiveMap.uexp" 243
"../../../Engine/Content/EngineMaterials/BaseFlattenGrayscaleMap.uasset" 244
"../../../Engine/Content/EngineMaterials/BaseFlattenGrayscaleMap.uexp" 245
"../../../Engine/Content/EngineMaterials/BaseFlattenLinearColor.uasset" 246
"../../../Engine/Content/EngineMaterials/BaseFlattenLinearColor.uexp" 247
"../../../Engine/Content/Functions/Engine_MaterialFunctions02/PivotPainter2/Black_1x1_EXR_Texture.uasset" 248
"../../../Engine/Content/Functions/Engine_MaterialFunctions02/PivotPainter2/Black_1x1_EXR_Texture.uexp" 249
"../../../Engine/Content/EngineMaterials/FlattenMaterial.uasset" 250
"../../../Engine/Content/EngineMaterials/FlattenMaterial.uexp" 251
"../../../Engine/Content/EngineMaterials/FastBlueNoise_vec2_128x128x64.uasset" 252
"../../../Engine/Content/EngineMaterials/FastBlueNoise_vec2_128x128x64.uexp" 253
"../../../Engine/Content/EngineMaterials/FastBlueNoise_scalar_128x128x8.uasset" 254
"../../../Engine/Content/EngineMaterials/FastBlueNoise_scalar_128x128x8.uexp" 255
"../../../Engine/Content/EngineMaterials/FastBlueNoise_scalar_128x128x64.uasset" 256
"../../../Engine/Content/EngineMaterials/FastBlueNoise_scalar_128x128x64.uexp" 257
"../../../Engine/Content/EngineMaterials/DefaultWhiteGrid_Low.uasset" 258
"../../../Engine/Content/EngineMaterials/DefaultWhiteGrid_Low.uexp" 259
"../../../Engine/Content/EngineMaterials/EmissiveMeshMaterial.uasset" 260
"../../../Engine/Content/EngineMaterials/EmissiveMeshMaterial.uexp" 261
"../../../Engine/Content/EngineMaterials/DefaultWhiteGrid.ubulk" 262
"../../../Engine/Content/EngineMaterials/DefaultWhiteGrid.uasset" 263
"../../../Engine/Content/EngineMaterials/DefaultWhiteGrid.uexp" 264
"../../../Engine/Content/EngineFonts/RobotoDistanceField.uasset" 265
"../../../Engine/Content/EngineFonts/RobotoDistanceField.uexp" 266
"../../../Engine/Content/EngineMaterials/DefaultTextMaterialOpaque.uasset" 267
"../../../Engine/Content/EngineMaterials/DefaultTextMaterialOpaque.uexp" 268
"../../../Engine/Content/EngineMaterials/DefaultPostProcessMaterial.uasset" 269
"../../../Engine/Content/EngineMaterials/DefaultPostProcessMaterial.uexp" 270
"../../../Engine/Content/EngineMaterials/DefaultLightFunctionMaterial.uasset" 271
"../../../Engine/Content/EngineMaterials/DefaultLightFunctionMaterial.uexp" 272
"../../../Engine/Content/EngineMaterials/DefaultDeferredDecalMaterial.uasset" 273
"../../../Engine/Content/EngineMaterials/DefaultDeferredDecalMaterial.uexp" 274
"../../../Engine/Content/EngineMaterials/DefaultBokeh.uasset" 275
"../../../Engine/Content/EngineMaterials/DefaultBokeh.uexp" 276
"../../../Engine/Content/EngineMaterials/DefaultBloomKernel.uasset" 277
"../../../Engine/Content/EngineMaterials/DefaultBloomKernel.uexp" 278
"../../../Engine/Content/Functions/Engine_MaterialFunctions02/Utility/CameraDirectionVector.uasset" 279
"../../../Engine/Content/Functions/Engine_MaterialFunctions02/Utility/CameraDirectionVector.uexp" 280
"../../../Engine/Content/EngineDebugMaterials/VolumeToRender.uasset" 281
"../../../Engine/Content/EngineDebugMaterials/VolumeToRender.uexp" 282
"../../../Engine/Content/EngineDebugMaterials/M_VolumeRenderSphereTracePP.uasset" 283
"../../../Engine/Content/EngineDebugMaterials/M_VolumeRenderSphereTracePP.uexp" 284
"../../../Engine/Content/EngineDebugMaterials/M_SimpleUnlitTranslucent.uasset" 285
"../../../Engine/Content/EngineDebugMaterials/M_SimpleUnlitTranslucent.uexp" 286
"../../../Engine/Content/EngineDebugMaterials/DebugMeshMaterial.uasset" 287
"../../../Engine/Content/EngineDebugMaterials/DebugMeshMaterial.uexp" 288
"../../../Engine/Content/EngineDebugMaterials/DebugEditorMaterial.uasset" 289
"../../../Engine/Content/EngineDebugMaterials/DebugEditorMaterial.uexp" 290
"../../../Engine/Content/EngineDamageTypes/DmgTypeBP_Environmental.uasset" 291
"../../../Engine/Content/EngineDamageTypes/DmgTypeBP_Environmental.uexp" 292
"../../../Engine/Content/EditorResources/S_Terrain.ubulk" 293
"../../../Engine/Content/EditorResources/S_Terrain.uasset" 294
"../../../Engine/Content/EditorResources/S_Terrain.uexp" 295
"../../../Engine/Content/EditorResources/S_Solver.ubulk" 296
"../../../Engine/Content/EditorResources/S_Solver.uasset" 297
"../../../Engine/Content/EditorResources/S_Solver.uexp" 298
"../../../Engine/Content/EditorResources/BSPVertex.uasset" 299
"../../../Engine/Content/EditorResources/BSPVertex.uexp" 300
"../../../Engine/Content/Functions/Engine_MaterialFunctions02/Utility/BreakOutFloat3Components.uasset" 301
"../../../Engine/Content/Functions/Engine_MaterialFunctions02/Utility/BreakOutFloat3Components.uexp" 302
"../../../Engine/Content/Functions/Engine_MaterialFunctions02/Utility/VectorLength.uasset" 303
"../../../Engine/Content/Functions/Engine_MaterialFunctions02/Utility/VectorLength.uexp" 304
"../../../Engine/Content/Functions/Engine_MaterialFunctions02/WorldPositionOffset/ObjectScale.uasset" 305
"../../../Engine/Content/Functions/Engine_MaterialFunctions02/WorldPositionOffset/ObjectScale.uexp" 306
"../../../Engine/Content/Functions/Engine_MaterialFunctions02/SafeNormalize.uasset" 307
"../../../Engine/Content/Functions/Engine_MaterialFunctions02/SafeNormalize.uexp" 308
"../../../Engine/Plugins/Editor/SpeedTreeImporter/Content/SpeedTree9/UnpackInteger3.uasset" 309
"../../../Engine/Plugins/Editor/SpeedTreeImporter/Content/SpeedTree9/UnpackInteger3.uexp" 310
"../../../Engine/Plugins/Editor/SpeedTreeImporter/Content/SpeedTree9/UnpackDirection.uasset" 311
"../../../Engine/Plugins/Editor/SpeedTreeImporter/Content/SpeedTree9/UnpackDirection.uexp" 312
"../../../Engine/Plugins/Editor/SpeedTreeImporter/Content/SpeedTree9/game_wind_noise.ubulk" 313
"../../../Engine/Plugins/Editor/SpeedTreeImporter/Content/SpeedTree9/game_wind_noise.uasset" 314
"../../../Engine/Plugins/Editor/SpeedTreeImporter/Content/SpeedTree9/game_wind_noise.uexp" 315
"../../../Engine/Plugins/Editor/SpeedTreeImporter/Content/SpeedTree9/SpeedTreeWindMotion.uasset" 316
"../../../Engine/Plugins/Editor/SpeedTreeImporter/Content/SpeedTree9/SpeedTreeWindMotion.uexp" 317
"../../../Engine/Content/Functions/Engine_MaterialFunctions02/ObjectLocalBounds.uasset" 318
"../../../Engine/Content/Functions/Engine_MaterialFunctions02/ObjectLocalBounds.uexp" 319
"../../../Engine/Content/Functions/Engine_MaterialFunctions02/UVs/BoundingBoxBased_0-1_UVW.uasset" 320
"../../../Engine/Content/Functions/Engine_MaterialFunctions02/UVs/BoundingBoxBased_0-1_UVW.uexp" 321
"../../../Engine/Plugins/Editor/SpeedTreeImporter/Content/SpeedTree9/SpeedTreeBranchMotion.uasset" 322
"../../../Engine/Plugins/Editor/SpeedTreeImporter/Content/SpeedTree9/SpeedTreeBranchMotion.uexp" 323
"../../../Engine/Plugins/Editor/SpeedTreeImporter/Content/SpeedTree9/SpeedTreeWind.uasset" 324
"../../../Engine/Plugins/Editor/SpeedTreeImporter/Content/SpeedTree9/SpeedTreeWind.uexp" 325
"../../../Engine/Plugins/Editor/SpeedTreeImporter/Content/SpeedTree9/Empty.uasset" 326
"../../../Engine/Plugins/Editor/SpeedTreeImporter/Content/SpeedTree9/Empty.uexp" 327
"../../../Engine/Plugins/Editor/SpeedTreeImporter/Content/SpeedTree9/EmptyNormal.uasset" 328
"../../../Engine/Plugins/Editor/SpeedTreeImporter/Content/SpeedTree9/EmptyNormal.uexp" 329
"../../../Engine/Plugins/Editor/SpeedTreeImporter/Content/SpeedTree9/SpeedTreeCameraFacing.uasset" 330
"../../../Engine/Plugins/Editor/SpeedTreeImporter/Content/SpeedTree9/SpeedTreeCameraFacing.uexp" 331
"../../../Engine/Plugins/Editor/SpeedTreeImporter/Content/SpeedTree9/SpeedTreeMaster.uasset" 332
"../../../Engine/Plugins/Editor/SpeedTreeImporter/Content/SpeedTree9/SpeedTreeMaster.uexp" 333
"../../../Engine/Plugins/Editor/SpeedTreeImporter/Content/SpeedTree9/SpeedTreeBillboard.uasset" 334
"../../../Engine/Plugins/Editor/SpeedTreeImporter/Content/SpeedTree9/SpeedTreeBillboard.uexp" 335
"../../../Engine/Plugins/Editor/SpeedTreeImporter/Content/SpeedTree9/SpeedTreeBillboardMaster.uasset" 336
"../../../Engine/Plugins/Editor/SpeedTreeImporter/Content/SpeedTree9/SpeedTreeBillboardMaster.uexp" 337
"../../../Engine/Plugins/Animation/ControlRig/Content/Controls/ControlRig_Wedge_solid.ubulk" 338
"../../../Engine/Plugins/Animation/ControlRig/Content/Controls/ControlRig_Wedge_solid.uasset" 339
"../../../Engine/Plugins/Animation/ControlRig/Content/Controls/ControlRig_Wedge_solid.uexp" 340
"../../../Engine/Plugins/Animation/ControlRig/Content/Controls/ControlRig_Wedge_3mm.ubulk" 341
"../../../Engine/Plugins/Animation/ControlRig/Content/Controls/ControlRig_Wedge_3mm.uasset" 342
"../../../Engine/Plugins/Animation/ControlRig/Content/Controls/ControlRig_Wedge_3mm.uexp" 343
"../../../Engine/Plugins/Animation/ControlRig/Content/Controls/ControlRig_Wedge_1mm.ubulk" 344
"../../../Engine/Plugins/Animation/ControlRig/Content/Controls/ControlRig_Wedge_1mm.uasset" 345
"../../../Engine/Plugins/Animation/ControlRig/Content/Controls/ControlRig_Wedge_1mm.uexp" 346
"../../../Engine/Plugins/Animation/ControlRig/Content/Controls/ControlRig_Triangle_solid.ubulk" 347
"../../../Engine/Plugins/Animation/ControlRig/Content/Controls/ControlRig_Triangle_solid.uasset" 348
"../../../Engine/Plugins/Animation/ControlRig/Content/Controls/ControlRig_Triangle_solid.uexp" 349
"../../../Engine/Plugins/Animation/ControlRig/Content/Controls/ControlRig_Triangle_3mm.ubulk" 350
"../../../Engine/Plugins/Animation/ControlRig/Content/Controls/ControlRig_Triangle_3mm.uasset" 351
"../../../Engine/Plugins/Animation/ControlRig/Content/Controls/ControlRig_Triangle_3mm.uexp" 352
"../../../Engine/Plugins/Animation/ControlRig/Content/Controls/ControlRig_Triangle_1mm.ubulk" 353
"../../../Engine/Plugins/Animation/ControlRig/Content/Controls/ControlRig_Triangle_1mm.uasset" 354
"../../../Engine/Plugins/Animation/ControlRig/Content/Controls/ControlRig_Triangle_1mm.uexp" 355
"../../../Engine/Plugins/Animation/ControlRig/Content/Controls/ControlRig_Star4_solid.ubulk" 356
"../../../Engine/Plugins/Animation/ControlRig/Content/Controls/ControlRig_Star4_solid.uasset" 357
"../../../Engine/Plugins/Animation/ControlRig/Content/Controls/ControlRig_Star4_solid.uexp" 358
"../../../Engine/Plugins/Animation/ControlRig/Content/Controls/ControlRig_Star4_3mm.ubulk" 359
"../../../Engine/Plugins/Animation/ControlRig/Content/Controls/ControlRig_Star4_3mm.uasset" 360
"../../../Engine/Plugins/Animation/ControlRig/Content/Controls/ControlRig_Star4_3mm.uexp" 361
"../../../Engine/Plugins/Animation/ControlRig/Content/Controls/ControlRig_Star4_1mm.ubulk" 362
"../../../Engine/Plugins/Animation/ControlRig/Content/Controls/ControlRig_Star4_1mm.uasset" 363
"../../../Engine/Plugins/Animation/ControlRig/Content/Controls/ControlRig_Star4_1mm.uexp" 364
"../../../Engine/Plugins/Animation/ControlRig/Content/Controls/ControlRig_Square_solid.ubulk" 365
"../../../Engine/Plugins/Animation/ControlRig/Content/Controls/ControlRig_Square_solid.uasset" 366
"../../../Engine/Plugins/Animation/ControlRig/Content/Controls/ControlRig_Square_solid.uexp" 367
"../../../Engine/Plugins/Animation/ControlRig/Content/Controls/ControlRig_Square_3mm.ubulk" 368
"../../../Engine/Plugins/Animation/ControlRig/Content/Controls/ControlRig_Square_3mm.uasset" 369
"../../../Engine/Plugins/Animation/ControlRig/Content/Controls/ControlRig_Square_3mm.uexp" 370
"../../../Engine/Plugins/Animation/ControlRig/Content/Controls/ControlRig_Square_1mm.ubulk" 371
"../../../Engine/Plugins/Animation/ControlRig/Content/Controls/ControlRig_Square_1mm.uasset" 372
"../../../Engine/Plugins/Animation/ControlRig/Content/Controls/ControlRig_Square_1mm.uexp" 373
"../../../Engine/Plugins/Animation/ControlRig/Content/Controls/ControlRig_Sphere_solid.ubulk" 374
"../../../Engine/Plugins/Animation/ControlRig/Content/Controls/ControlRig_Sphere_solid.uasset" 375
"../../../Engine/Plugins/Animation/ControlRig/Content/Controls/ControlRig_Sphere_solid.uexp" 376
"../../../Engine/Plugins/Animation/ControlRig/Content/Controls/ControlRig_Sphere_3mm.ubulk" 377
"../../../Engine/Plugins/Animation/ControlRig/Content/Controls/ControlRig_Sphere_3mm.uasset" 378
"../../../Engine/Plugins/Animation/ControlRig/Content/Controls/ControlRig_Sphere_3mm.uexp" 379
"../../../Engine/Plugins/Animation/ControlRig/Content/Controls/ControlRig_Sphere_1mm.ubulk" 380
"../../../Engine/Plugins/Animation/ControlRig/Content/Controls/ControlRig_Sphere_1mm.uasset" 381
"../../../Engine/Plugins/Animation/ControlRig/Content/Controls/ControlRig_Sphere_1mm.uexp" 382
"../../../Engine/Plugins/Animation/ControlRig/Content/Controls/ControlRig_RoundedTriangle_solid.ubulk" 383
"../../../Engine/Plugins/Animation/ControlRig/Content/Controls/ControlRig_RoundedTriangle_solid.uasset" 384
"../../../Engine/Plugins/Animation/ControlRig/Content/Controls/ControlRig_RoundedTriangle_solid.uexp" 385
"../../../Engine/Plugins/Animation/ControlRig/Content/Controls/ControlRig_RoundedTriangle_3mm.ubulk" 386
"../../../Engine/Plugins/Animation/ControlRig/Content/Controls/ControlRig_RoundedTriangle_3mm.uasset" 387
"../../../Engine/Plugins/Animation/ControlRig/Content/Controls/ControlRig_RoundedTriangle_3mm.uexp" 388
"../../../Engine/Plugins/Animation/ControlRig/Content/Controls/ControlRig_RoundedTriangle_1mm.ubulk" 389
"../../../Engine/Plugins/Animation/ControlRig/Content/Controls/ControlRig_RoundedTriangle_1mm.uasset" 390
"../../../Engine/Plugins/Animation/ControlRig/Content/Controls/ControlRig_RoundedTriangle_1mm.uexp" 391
"../../../Engine/Plugins/Animation/ControlRig/Content/Controls/ControlRig_RoundedSquare_solid.ubulk" 392
"../../../Engine/Plugins/Animation/ControlRig/Content/Controls/ControlRig_RoundedSquare_solid.uasset" 393
"../../../Engine/Plugins/Animation/ControlRig/Content/Controls/ControlRig_RoundedSquare_solid.uexp" 394
"../../../Engine/Plugins/Animation/ControlRig/Content/Controls/ControlRig_RoundedSquare_3mm.ubulk" 395
"../../../Engine/Plugins/Animation/ControlRig/Content/Controls/ControlRig_RoundedSquare_3mm.uasset" 396
"../../../Engine/Plugins/Animation/ControlRig/Content/Controls/ControlRig_RoundedSquare_3mm.uexp" 397
"../../../Engine/Plugins/Animation/ControlRig/Content/Controls/ControlRig_RoundedSquare_1mm.ubulk" 398
"../../../Engine/Plugins/Animation/ControlRig/Content/Controls/ControlRig_RoundedSquare_1mm.uasset" 399
"../../../Engine/Plugins/Animation/ControlRig/Content/Controls/ControlRig_RoundedSquare_1mm.uexp" 400
"../../../Engine/Plugins/Animation/ControlRig/Content/Controls/ControlRig_QuarterCircle_solid.ubulk" 401
"../../../Engine/Plugins/Animation/ControlRig/Content/Controls/ControlRig_QuarterCircle_solid.uasset" 402
"../../../Engine/Plugins/Animation/ControlRig/Content/Controls/ControlRig_QuarterCircle_solid.uexp" 403
"../../../Engine/Plugins/Animation/ControlRig/Content/Controls/ControlRig_QuarterCircle_3mm.ubulk" 404
"../../../Engine/Plugins/Animation/ControlRig/Content/Controls/ControlRig_QuarterCircle_3mm.uasset" 405
"../../../Engine/Plugins/Animation/ControlRig/Content/Controls/ControlRig_QuarterCircle_3mm.uexp" 406
"../../../Engine/Plugins/Animation/ControlRig/Content/Controls/ControlRig_QuarterCircle_1mm.ubulk" 407
"../../../Engine/Plugins/Animation/ControlRig/Content/Controls/ControlRig_QuarterCircle_1mm.uasset" 408
"../../../Engine/Plugins/Animation/ControlRig/Content/Controls/ControlRig_QuarterCircle_1mm.uexp" 409
"../../../Engine/Plugins/Animation/ControlRig/Content/Controls/ControlRig_Pyramid_solid.ubulk" 410
"../../../Engine/Plugins/Animation/ControlRig/Content/Controls/ControlRig_Pyramid_solid.uasset" 411
"../../../Engine/Plugins/Animation/ControlRig/Content/Controls/ControlRig_Pyramid_solid.uexp" 412
"../../../Engine/Plugins/Animation/ControlRig/Content/Controls/ControlRig_Pyramid_3mm.ubulk" 413
"../../../Engine/Plugins/Animation/ControlRig/Content/Controls/ControlRig_Pyramid_3mm.uasset" 414
"../../../Engine/Plugins/Animation/ControlRig/Content/Controls/ControlRig_Pyramid_3mm.uexp" 415
"../../../Engine/Plugins/Animation/ControlRig/Content/Controls/ControlRig_Pyramid_1mm.ubulk" 416
"../../../Engine/Plugins/Animation/ControlRig/Content/Controls/ControlRig_Pyramid_1mm.uasset" 417
"../../../Engine/Plugins/Animation/ControlRig/Content/Controls/ControlRig_Pyramid_1mm.uexp" 418
"../../../Engine/Plugins/Animation/ControlRig/Content/Controls/ControlRig_Octagon_solid.ubulk" 419
"../../../Engine/Plugins/Animation/ControlRig/Content/Controls/ControlRig_Octagon_solid.uasset" 420
"../../../Engine/Plugins/Animation/ControlRig/Content/Controls/ControlRig_Octagon_solid.uexp" 421
"../../../Engine/Plugins/Animation/ControlRig/Content/Controls/ControlRig_Octagon_3mm.ubulk" 422
"../../../Engine/Plugins/Animation/ControlRig/Content/Controls/ControlRig_Octagon_3mm.uasset" 423
"../../../Engine/Plugins/Animation/ControlRig/Content/Controls/ControlRig_Octagon_3mm.uexp" 424
"../../../Engine/Plugins/Animation/ControlRig/Content/Controls/ControlRig_Octagon_1mm.ubulk" 425
"../../../Engine/Plugins/Animation/ControlRig/Content/Controls/ControlRig_Octagon_1mm.uasset" 426
"../../../Engine/Plugins/Animation/ControlRig/Content/Controls/ControlRig_Octagon_1mm.uexp" 427
"../../../Engine/Plugins/Animation/ControlRig/Content/Controls/ControlRig_Hexagon_solid.ubulk" 428
"../../../Engine/Plugins/Animation/ControlRig/Content/Controls/ControlRig_Hexagon_solid.uasset" 429
"../../../Engine/Plugins/Animation/ControlRig/Content/Controls/ControlRig_Hexagon_solid.uexp" 430
"../../../Engine/Plugins/Animation/ControlRig/Content/Controls/ControlRig_Hexagon_3mm.ubulk" 431
"../../../Engine/Plugins/Animation/ControlRig/Content/Controls/ControlRig_Hexagon_3mm.uasset" 432
"../../../Engine/Plugins/Animation/ControlRig/Content/Controls/ControlRig_Hexagon_3mm.uexp" 433
"../../../Engine/Plugins/Animation/ControlRig/Content/Controls/ControlRig_Hexagon_1mm.ubulk" 434
"../../../Engine/Plugins/Animation/ControlRig/Content/Controls/ControlRig_Hexagon_1mm.uasset" 435
"../../../Engine/Plugins/Animation/ControlRig/Content/Controls/ControlRig_Hexagon_1mm.uexp" 436
"../../../Engine/Plugins/Animation/ControlRig/Content/Controls/ControlRig_HalfCircle_solid.ubulk" 437
"../../../Engine/Plugins/Animation/ControlRig/Content/Controls/ControlRig_HalfCircle_solid.uasset" 438
"../../../Engine/Plugins/Animation/ControlRig/Content/Controls/ControlRig_HalfCircle_solid.uexp" 439
"../../../Engine/Plugins/Animation/ControlRig/Content/Controls/ControlRig_HalfCircle_3mm.ubulk" 440
"../../../Engine/Plugins/Animation/ControlRig/Content/Controls/ControlRig_HalfCircle_3mm.uasset" 441
"../../../Engine/Plugins/Animation/ControlRig/Content/Controls/ControlRig_HalfCircle_3mm.uexp" 442
"../../../Engine/Plugins/Animation/ControlRig/Content/Controls/ControlRig_HalfCircle_1mm.ubulk" 443
"../../../Engine/Plugins/Animation/ControlRig/Content/Controls/ControlRig_HalfCircle_1mm.uasset" 444
"../../../Engine/Plugins/Animation/ControlRig/Content/Controls/ControlRig_HalfCircle_1mm.uexp" 445
"../../../Engine/Plugins/Animation/ControlRig/Content/Controls/ControlRig_Diamond_solid.ubulk" 446
"../../../Engine/Plugins/Animation/ControlRig/Content/Controls/ControlRig_Diamond_solid.uasset" 447
"../../../Engine/Plugins/Animation/ControlRig/Content/Controls/ControlRig_Diamond_solid.uexp" 448
"../../../Engine/Plugins/Animation/ControlRig/Content/Controls/ControlRig_Diamond_3mm.ubulk" 449
"../../../Engine/Plugins/Animation/ControlRig/Content/Controls/ControlRig_Diamond_3mm.uasset" 450
"../../../Engine/Plugins/Animation/ControlRig/Content/Controls/ControlRig_Diamond_3mm.uexp" 451
"../../../Engine/Plugins/Animation/ControlRig/Content/Controls/ControlRig_Diamond_1mm.ubulk" 452
"../../../Engine/Plugins/Animation/ControlRig/Content/Controls/ControlRig_Diamond_1mm.uasset" 453
"../../../Engine/Plugins/Animation/ControlRig/Content/Controls/ControlRig_Diamond_1mm.uexp" 454
"../../../Engine/Plugins/Animation/ControlRig/Content/Controls/ControlRig_Circle_solid.ubulk" 455
"../../../Engine/Plugins/Animation/ControlRig/Content/Controls/ControlRig_Circle_solid.uasset" 456
"../../../Engine/Plugins/Animation/ControlRig/Content/Controls/ControlRig_Circle_solid.uexp" 457
"../../../Engine/Plugins/Animation/ControlRig/Content/Controls/ControlRig_Circle_3mm.ubulk" 458
"../../../Engine/Plugins/Animation/ControlRig/Content/Controls/ControlRig_Circle_3mm.uasset" 459
"../../../Engine/Plugins/Animation/ControlRig/Content/Controls/ControlRig_Circle_3mm.uexp" 460
"../../../Engine/Plugins/Animation/ControlRig/Content/Controls/ControlRig_Circle_1mm.ubulk" 461
"../../../Engine/Plugins/Animation/ControlRig/Content/Controls/ControlRig_Circle_1mm.uasset" 462
"../../../Engine/Plugins/Animation/ControlRig/Content/Controls/ControlRig_Circle_1mm.uexp" 463
"../../../Engine/Plugins/Animation/ControlRig/Content/Controls/ControlRig_Box_solid.ubulk" 464
"../../../Engine/Plugins/Animation/ControlRig/Content/Controls/ControlRig_Box_solid.uasset" 465
"../../../Engine/Plugins/Animation/ControlRig/Content/Controls/ControlRig_Box_solid.uexp" 466
"../../../Engine/Plugins/Animation/ControlRig/Content/Controls/ControlRig_Box_3mm.ubulk" 467
"../../../Engine/Plugins/Animation/ControlRig/Content/Controls/ControlRig_Box_3mm.uasset" 468
"../../../Engine/Plugins/Animation/ControlRig/Content/Controls/ControlRig_Box_3mm.uexp" 469
"../../../Engine/Plugins/Animation/ControlRig/Content/Controls/ControlRig_Box_1mm.ubulk" 470
"../../../Engine/Plugins/Animation/ControlRig/Content/Controls/ControlRig_Box_1mm.uasset" 471
"../../../Engine/Plugins/Animation/ControlRig/Content/Controls/ControlRig_Box_1mm.uexp" 472
"../../../Engine/Plugins/Animation/ControlRig/Content/Controls/ControlRig_Arrow_solid.ubulk" 473
"../../../Engine/Plugins/Animation/ControlRig/Content/Controls/ControlRig_Arrow_solid.uasset" 474
"../../../Engine/Plugins/Animation/ControlRig/Content/Controls/ControlRig_Arrow_solid.uexp" 475
"../../../Engine/Plugins/Animation/ControlRig/Content/Controls/ControlRig_Arrow_3mm.ubulk" 476
"../../../Engine/Plugins/Animation/ControlRig/Content/Controls/ControlRig_Arrow_3mm.uasset" 477
"../../../Engine/Plugins/Animation/ControlRig/Content/Controls/ControlRig_Arrow_3mm.uexp" 478
"../../../Engine/Plugins/Animation/ControlRig/Content/Controls/ControlRig_Arrow_1mm.ubulk" 479
"../../../Engine/Plugins/Animation/ControlRig/Content/Controls/ControlRig_Arrow_1mm.uasset" 480
"../../../Engine/Plugins/Animation/ControlRig/Content/Controls/ControlRig_Arrow_1mm.uexp" 481
"../../../Engine/Plugins/Animation/ControlRig/Content/Controls/ControlRig_Arrow4_solid.ubulk" 482
"../../../Engine/Plugins/Animation/ControlRig/Content/Controls/ControlRig_Arrow4_solid.uasset" 483
"../../../Engine/Plugins/Animation/ControlRig/Content/Controls/ControlRig_Arrow4_solid.uexp" 484
"../../../Engine/Plugins/Animation/ControlRig/Content/Controls/ControlRig_Arrow4_3mm.ubulk" 485
"../../../Engine/Plugins/Animation/ControlRig/Content/Controls/ControlRig_Arrow4_3mm.uasset" 486
"../../../Engine/Plugins/Animation/ControlRig/Content/Controls/ControlRig_Arrow4_3mm.uexp" 487
"../../../Engine/Plugins/Animation/ControlRig/Content/Controls/ControlRig_Arrow4_1mm.ubulk" 488
"../../../Engine/Plugins/Animation/ControlRig/Content/Controls/ControlRig_Arrow4_1mm.uasset" 489
"../../../Engine/Plugins/Animation/ControlRig/Content/Controls/ControlRig_Arrow4_1mm.uexp" 490
"../../../Engine/Plugins/Animation/ControlRig/Content/Controls/ControlRig_Arrow2_solid.ubulk" 491
"../../../Engine/Plugins/Animation/ControlRig/Content/Controls/ControlRig_Arrow2_solid.uasset" 492
"../../../Engine/Plugins/Animation/ControlRig/Content/Controls/ControlRig_Arrow2_solid.uexp" 493
"../../../Engine/Plugins/Animation/ControlRig/Content/Controls/ControlRig_Arrow2_3mm.ubulk" 494
"../../../Engine/Plugins/Animation/ControlRig/Content/Controls/ControlRig_Arrow2_3mm.uasset" 495
"../../../Engine/Plugins/Animation/ControlRig/Content/Controls/ControlRig_Arrow2_3mm.uexp" 496
"../../../Engine/Plugins/Animation/ControlRig/Content/Controls/ControlRig_Arrow2_1mm.ubulk" 497
"../../../Engine/Plugins/Animation/ControlRig/Content/Controls/ControlRig_Arrow2_1mm.uasset" 498
"../../../Engine/Plugins/Animation/ControlRig/Content/Controls/ControlRig_Arrow2_1mm.uexp" 499
"../../../Engine/Plugins/Animation/ControlRig/Content/Controls/ControlRigXRayMaterial.uasset" 500
"../../../Engine/Plugins/Animation/ControlRig/Content/Controls/ControlRigXRayMaterial.uexp" 501
"../../../Engine/Plugins/Animation/ControlRig/Content/Controls/ControlRigGizmoMaterial.uasset" 502
"../../../Engine/Plugins/Animation/ControlRig/Content/Controls/ControlRigGizmoMaterial.uexp" 503
"../../../Engine/Content/EngineResources/LandscapeVisibilityLayerInfo.uasset" 504
"../../../Engine/Content/EngineResources/LandscapeVisibilityLayerInfo.uexp" 505
"../../../Engine/Plugins/VirtualProduction/CameraCalibrationCore/Content/Materials/M_DefaultOddSquare.uasset" 506
"../../../Engine/Plugins/VirtualProduction/CameraCalibrationCore/Content/Materials/M_DefaultOddSquare.uexp" 507
"../../../Engine/Plugins/VirtualProduction/CameraCalibrationCore/Content/Materials/M_DefaultEvenSquare.uasset" 508
"../../../Engine/Plugins/VirtualProduction/CameraCalibrationCore/Content/Materials/M_DefaultEvenSquare.uexp" 509
"../../../Engine/Plugins/Runtime/HairStrands/Content/Materials/HairMeshesDefaultMaterial.uasset" 510
"../../../Engine/Plugins/Runtime/HairStrands/Content/Materials/HairMeshesDefaultMaterial.uexp" 511
"../../../Engine/Plugins/Runtime/HairStrands/Content/Materials/HairDefaultMaterial.uasset" 512
"../../../Engine/Plugins/Runtime/HairStrands/Content/Materials/HairDefaultMaterial.uexp" 513
"../../../Engine/Content/Functions/Engine_MaterialFunctions02/Utility/MakeFloat2.uasset" 514
"../../../Engine/Content/Functions/Engine_MaterialFunctions02/Utility/MakeFloat2.uexp" 515
"../../../Engine/Content/EngineMaterials/HairDebugColor.uasset" 516
"../../../Engine/Content/EngineMaterials/HairDebugColor.uexp" 517
"../../../Engine/Content/EngineMaterials/HairColorMap.uasset" 518
"../../../Engine/Content/EngineMaterials/HairColorMap.uexp" 519
"../../../Engine/Plugins/Runtime/HairStrands/Content/Materials/HairGroupColors.uasset" 520
"../../../Engine/Plugins/Runtime/HairStrands/Content/Materials/HairGroupColors.uexp" 521
"../../../Engine/Plugins/Runtime/HairStrands/Content/Materials/HairDebugMaterial.uasset" 522
"../../../Engine/Plugins/Runtime/HairStrands/Content/Materials/HairDebugMaterial.uexp" 523
"../../../Engine/Plugins/Runtime/HairStrands/Content/Materials/HairCardsDefaultMaterial.uasset" 524
"../../../Engine/Plugins/Runtime/HairStrands/Content/Materials/HairCardsDefaultMaterial.uexp" 525
"../../../Engine/Content/VREditor/TransformGizmo/Xray.uasset" 526
"../../../Engine/Content/VREditor/TransformGizmo/Xray.uexp" 527
"../../../Engine/Content/VREditor/TransformGizmo/Main.uasset" 528
"../../../Engine/Content/VREditor/TransformGizmo/Main.uexp" 529
"../../../Engine/Content/VREditor/TransformGizmo/SM_Sequencer_Node.ubulk" 530
"../../../Engine/Content/VREditor/TransformGizmo/SM_Sequencer_Node.uasset" 531
"../../../Engine/Content/VREditor/TransformGizmo/SM_Sequencer_Node.uexp" 532
"../../../Engine/Plugins/Runtime/AudioWidgets/Content/Resources/ScrubHandleDown_Clamped.uasset" 533
"../../../Engine/Plugins/Runtime/AudioWidgets/Content/Resources/ScrubHandleDown_Clamped.uexp" 534
"../../../Engine/Plugins/Interchange/Assets/Content/Functions/MX_UsdPreviewSurface.uasset" 535
"../../../Engine/Plugins/Interchange/Assets/Content/Functions/MX_UsdPreviewSurface.uexp" 536
"../../../Engine/Plugins/Interchange/Assets/Content/Functions/MX_UniformEDF.uasset" 537
"../../../Engine/Plugins/Interchange/Assets/Content/Functions/MX_UniformEDF.uexp" 538
"../../../Engine/Plugins/Interchange/Assets/Content/Functions/MX_TranslucentBSDF.uasset" 539
"../../../Engine/Plugins/Interchange/Assets/Content/Functions/MX_TranslucentBSDF.uexp" 540
"../../../Engine/Plugins/Interchange/Assets/Content/Functions/MX_ThinFilmBSDF.uasset" 541
"../../../Engine/Plugins/Interchange/Assets/Content/Functions/MX_ThinFilmBSDF.uexp" 542
"../../../Engine/Plugins/Interchange/Assets/Content/Functions/MX_SurfaceUnlit.uasset" 543
"../../../Engine/Plugins/Interchange/Assets/Content/Functions/MX_SurfaceUnlit.uexp" 544
"../../../Engine/Plugins/Interchange/Assets/Content/Functions/MX_Surface.uasset" 545
"../../../Engine/Plugins/Interchange/Assets/Content/Functions/MX_Surface.uexp" 546
"../../../Engine/Plugins/Interchange/Assets/Content/Functions/MX_SubsurfaceBSDF.uasset" 547
"../../../Engine/Plugins/Interchange/Assets/Content/Functions/MX_SubsurfaceBSDF.uexp" 548
"../../../Engine/Plugins/Interchange/Assets/Content/Functions/MX_SheenBSDF.uasset" 549
"../../../Engine/Plugins/Interchange/Assets/Content/Functions/MX_SheenBSDF.uexp" 550
"../../../Engine/Plugins/Interchange/Assets/Content/Functions/MX_OrenNayarBSDF.uasset" 551
"../../../Engine/Plugins/Interchange/Assets/Content/Functions/MX_OrenNayarBSDF.uexp" 552
"../../../Engine/Plugins/Interchange/Assets/Content/Functions/MF_IridescenceNoLUT.uasset" 553
"../../../Engine/Plugins/Interchange/Assets/Content/Functions/MF_IridescenceNoLUT.uexp" 554
"../../../Engine/Plugins/Interchange/Assets/Content/Functions/MX_StandardSurface.uasset" 555
"../../../Engine/Plugins/Interchange/Assets/Content/Functions/MX_StandardSurface.uexp" 556
"../../../Engine/Plugins/Interchange/Assets/Content/Functions/MX_TransmissionSurface.uasset" 557
"../../../Engine/Plugins/Interchange/Assets/Content/Functions/MX_TransmissionSurface.uexp" 558
"../../../Engine/Plugins/Interchange/Assets/Content/Functions/MX_OpenPBR_Translucent.uasset" 559
"../../../Engine/Plugins/Interchange/Assets/Content/Functions/MX_OpenPBR_Translucent.uexp" 560
"../../../Engine/Plugins/Interchange/Assets/Content/Functions/MX_OpenPBR_Opaque.uasset" 561
"../../../Engine/Plugins/Interchange/Assets/Content/Functions/MX_OpenPBR_Opaque.uexp" 562
"../../../Engine/Plugins/Interchange/Assets/Content/Functions/MX_MeasuredEDF.uasset" 563
"../../../Engine/Plugins/Interchange/Assets/Content/Functions/MX_MeasuredEDF.uexp" 564
"../../../Engine/Plugins/Interchange/Assets/Content/Functions/MX_GeneralizedSchlickBSDF.uasset" 565
"../../../Engine/Plugins/Interchange/Assets/Content/Functions/MX_GeneralizedSchlickBSDF.uexp" 566
"../../../Engine/Plugins/Interchange/Assets/Content/Functions/MX_Displacement.uasset" 567
"../../../Engine/Plugins/Interchange/Assets/Content/Functions/MX_Displacement.uexp" 568
"../../../Engine/Plugins/Interchange/Assets/Content/Functions/MX_DielectricBSDF.uasset" 569
"../../../Engine/Plugins/Interchange/Assets/Content/Functions/MX_DielectricBSDF.uexp" 570
"../../../Engine/Plugins/Interchange/Assets/Content/Functions/MX_ConicalEDF.uasset" 571
"../../../Engine/Plugins/Interchange/Assets/Content/Functions/MX_ConicalEDF.uexp" 572
"../../../Engine/Plugins/Interchange/Assets/Content/Functions/MX_ConductorBSDF.uasset" 573
"../../../Engine/Plugins/Interchange/Assets/Content/Functions/MX_ConductorBSDF.uexp" 574
"../../../Engine/Plugins/Interchange/Assets/Content/Functions/MX_BurleyDiffuseBSDF.uasset" 575
"../../../Engine/Plugins/Interchange/Assets/Content/Functions/MX_BurleyDiffuseBSDF.uexp" 576
"../../../Engine/Plugins/Interchange/Assets/Content/Functions/MX_AnisotropicVDF.uasset" 577
"../../../Engine/Plugins/Interchange/Assets/Content/Functions/MX_AnisotropicVDF.uexp" 578
"../../../Engine/Plugins/Interchange/Assets/Content/Functions/MX_AbsorptionVDF.uasset" 579
"../../../Engine/Plugins/Interchange/Assets/Content/Functions/MX_AbsorptionVDF.uexp" 580
"../../../Engine/Content/EditorMaterials/Camera/CineMat.uasset" 581
"../../../Engine/Content/EditorMaterials/Camera/CineMat.uexp" 582
"../../../Engine/Content/EditorMaterials/Camera/MI_CineMat_Rig.uasset" 583
"../../../Engine/Content/EditorMaterials/Camera/MI_CineMat_Rig.uexp" 584
"../../../Engine/Content/EditorMeshes/Camera/SM_RailRig_Track.ubulk" 585
"../../../Engine/Content/EditorMeshes/Camera/SM_RailRig_Track.uasset" 586
"../../../Engine/Content/EditorMeshes/Camera/SM_RailRig_Track.uexp" 587
"../../../Engine/Content/EditorMeshes/Camera/SM_RailRig_Mount.ubulk" 588
"../../../Engine/Content/EditorMeshes/Camera/SM_RailRig_Mount.uasset" 589
"../../../Engine/Content/EditorMeshes/Camera/SM_RailRig_Mount.uexp" 590
"../../../Engine/Content/EditorMeshes/Camera/SM_CraneRig_Mount.ubulk" 591
"../../../Engine/Content/EditorMeshes/Camera/SM_CraneRig_Mount.uasset" 592
"../../../Engine/Content/EditorMeshes/Camera/SM_CraneRig_Mount.uexp" 593
"../../../Engine/Content/EditorMeshes/Camera/SM_CraneRig_Body.ubulk" 594
"../../../Engine/Content/EditorMeshes/Camera/SM_CraneRig_Body.uasset" 595
"../../../Engine/Content/EditorMeshes/Camera/SM_CraneRig_Body.uexp" 596
"../../../Engine/Content/EditorMeshes/Camera/SM_CraneRig_Base.ubulk" 597
"../../../Engine/Content/EditorMeshes/Camera/SM_CraneRig_Base.uasset" 598
"../../../Engine/Content/EditorMeshes/Camera/SM_CraneRig_Base.uexp" 599
"../../../Engine/Content/EditorMeshes/Camera/SM_CraneRig_Arm.ubulk" 600
"../../../Engine/Content/EditorMeshes/Camera/SM_CraneRig_Arm.uasset" 601
"../../../Engine/Content/EditorMeshes/Camera/SM_CraneRig_Arm.uexp" 602
"../../../Engine/Content/EditorMaterials/ParticleSystems/PSysThumbnail_OOD.ubulk" 603
"../../../Engine/Content/EditorMaterials/ParticleSystems/PSysThumbnail_OOD.uasset" 604
"../../../Engine/Content/EditorMaterials/ParticleSystems/PSysThumbnail_OOD.uexp" 605
"../../../Engine/Content/EditorMaterials/ParticleSystems/PSysThumbnail_NoImage.ubulk" 606
"../../../Engine/Content/EditorMaterials/ParticleSystems/PSysThumbnail_NoImage.uasset" 607
"../../../Engine/Content/EditorMaterials/ParticleSystems/PSysThumbnail_NoImage.uexp" 608
"../../../Engine/Content/EditorMaterials/Dataflow/DataflowVertexMaterial.uasset" 609
"../../../Engine/Content/EditorMaterials/Dataflow/DataflowVertexMaterial.uexp" 610
"../../../Engine/Content/EditorMaterials/Dataflow/DataflowTwoSidedVertexMaterial.uasset" 611
"../../../Engine/Content/EditorMaterials/Dataflow/DataflowTwoSidedVertexMaterial.uexp" 612
"../../../Engine/Content/VREditor/TransformGizmo/TranslucentTransformGizmoMaterial.uasset" 613
"../../../Engine/Content/VREditor/TransformGizmo/TranslucentTransformGizmoMaterial.uexp" 614
"../../../Engine/Content/VREditor/LaserPointer/VR_LaserPower_01.ubulk" 615
"../../../Engine/Content/VREditor/LaserPointer/VR_LaserPower_01.uasset" 616
"../../../Engine/Content/VREditor/LaserPointer/VR_LaserPower_01.uexp" 617
"../../../Engine/Content/VREditor/TransformGizmo/TransformGizmoMaterial.uasset" 618
"../../../Engine/Content/VREditor/TransformGizmo/TransformGizmoMaterial.uexp" 619
"../../../Engine/Content/VREditor/TransformGizmo/BoundingBoxEdge.ubulk" 620
"../../../Engine/Content/VREditor/TransformGizmo/BoundingBoxEdge.uasset" 621
"../../../Engine/Content/VREditor/TransformGizmo/BoundingBoxEdge.uexp" 622
"../../../Engine/Content/VREditor/TransformGizmo/BoundingBoxCorner.ubulk" 623
"../../../Engine/Content/VREditor/TransformGizmo/BoundingBoxCorner.uasset" 624
"../../../Engine/Content/VREditor/TransformGizmo/BoundingBoxCorner.uexp" 625
"../../../Engine/Content/EngineResources/FilmGrains/Marcie_Grain_v3_128_M2_000.uasset" 626
"../../../Engine/Content/EngineResources/FilmGrains/Marcie_Grain_v3_128_M2_000.uexp" 627
"../../../Engine/Content/EngineResources/Development/ZenLogo_64.uasset" 628
"../../../Engine/Content/EngineResources/Development/ZenLogo_64.uexp" 629
"../../../Engine/Content/EngineMaterials/LTC/Sheen_LTC.uasset" 630
"../../../Engine/Content/EngineMaterials/LTC/Sheen_LTC.uexp" 631
"../../../Engine/Content/EngineMaterials/LTC/GGX_LTCMat.uasset" 632
"../../../Engine/Content/EngineMaterials/LTC/GGX_LTCMat.uexp" 633
"../../../Engine/Content/EngineMaterials/LTC/GGX_LTCAmp.uasset" 634
"../../../Engine/Content/EngineMaterials/LTC/GGX_LTCAmp.uexp" 635
"../../../Engine/Content/EngineMaterials/EnergyConservation/Sheen_Energy.uasset" 636
"../../../Engine/Content/EngineMaterials/EnergyConservation/Sheen_Energy.uexp" 637
"../../../Engine/Content/EngineMaterials/EnergyConservation/SheenLegacy_Energy.uasset" 638
"../../../Engine/Content/EngineMaterials/EnergyConservation/SheenLegacy_Energy.uexp" 639
"../../../Engine/Content/EngineMaterials/EnergyConservation/GGX_TransmissionEnergyArray.uasset" 640
"../../../Engine/Content/EngineMaterials/EnergyConservation/GGX_TransmissionEnergyArray.uexp" 641
"../../../Engine/Content/EngineMaterials/EnergyConservation/GGX_ReflectionEnergy.uasset" 642
"../../../Engine/Content/EngineMaterials/EnergyConservation/GGX_ReflectionEnergy.uexp" 643
"../../../Engine/Content/EngineMaterials/EnergyConservation/Diffuse_Energy.uasset" 644
"../../../Engine/Content/EngineMaterials/EnergyConservation/Diffuse_Energy.uexp" 645
"../../../Engine/Content/EditorResources/SequenceRecorder/RecordingIndicator.uasset" 646
"../../../Engine/Content/EditorResources/SequenceRecorder/RecordingIndicator.uexp" 647
"../../../Engine/Content/EditorResources/SequenceRecorder/Countdown.uasset" 648
"../../../Engine/Content/EditorResources/SequenceRecorder/Countdown.uexp" 649
"C:/Users/Will/Desktop/Work/CHICO/EldritchBotanist/The_Eldritch_Botanist/EldritchBotanistGame/Content/Input/Actions/IA_Move.uasset" 650
"C:/Users/Will/Desktop/Work/CHICO/EldritchBotanist/The_Eldritch_Botanist/EldritchBotanistGame/Content/Input/Actions/IA_Move.uexp" 651
"C:/Users/Will/Desktop/Work/CHICO/EldritchBotanist/The_Eldritch_Botanist/EldritchBotanistGame/Content/Input/IMC_Default.uasset" 652
"C:/Users/Will/Desktop/Work/CHICO/EldritchBotanist/The_Eldritch_Botanist/EldritchBotanistGame/Content/Input/IMC_Default.uexp" 653
"C:/Users/Will/Desktop/Work/CHICO/EldritchBotanist/The_Eldritch_Botanist/EldritchBotanistGame/Content/_Blueprints/BP_TDCamera.uasset" 654
"C:/Users/Will/Desktop/Work/CHICO/EldritchBotanist/The_Eldritch_Botanist/EldritchBotanistGame/Content/_Blueprints/BP_TDCamera.uexp" 655
"C:/Users/Will/Desktop/Work/CHICO/EldritchBotanist/The_Eldritch_Botanist/EldritchBotanistGame/Content/Input/Actions/IA_MouseLook.uasset" 656
"C:/Users/Will/Desktop/Work/CHICO/EldritchBotanist/The_Eldritch_Botanist/EldritchBotanistGame/Content/Input/Actions/IA_MouseLook.uexp" 657
"C:/Users/Will/Desktop/Work/CHICO/EldritchBotanist/The_Eldritch_Botanist/EldritchBotanistGame/Content/Input/IMC_MouseLook.uasset" 658
"C:/Users/Will/Desktop/Work/CHICO/EldritchBotanist/The_Eldritch_Botanist/EldritchBotanistGame/Content/Input/IMC_MouseLook.uexp" 659
"../../../Engine/Content/MobileResources/HUD/VirtualJoystick_Thumb.uasset" 660
"../../../Engine/Content/MobileResources/HUD/VirtualJoystick_Thumb.uexp" 661
"C:/Users/Will/Desktop/Work/CHICO/EldritchBotanist/The_Eldritch_Botanist/EldritchBotanistGame/Content/Input/Touch/BPI_TouchInterface.uasset" 662
"C:/Users/Will/Desktop/Work/CHICO/EldritchBotanist/The_Eldritch_Botanist/EldritchBotanistGame/Content/Input/Touch/BPI_TouchInterface.uexp" 663
"../../../Engine/Content/MobileResources/HUD/VirtualJoystick_Background.uasset" 664
"../../../Engine/Content/MobileResources/HUD/VirtualJoystick_Background.uexp" 665
"C:/Users/Will/Desktop/Work/CHICO/EldritchBotanist/The_Eldritch_Botanist/EldritchBotanistGame/Content/Input/Touch/UI_Thumbstick.uasset" 666
"C:/Users/Will/Desktop/Work/CHICO/EldritchBotanist/The_Eldritch_Botanist/EldritchBotanistGame/Content/Input/Touch/UI_Thumbstick.uexp" 667
"C:/Users/Will/Desktop/Work/CHICO/EldritchBotanist/The_Eldritch_Botanist/EldritchBotanistGame/Content/Input/Touch/UI_TouchSimple.uasset" 668
"C:/Users/Will/Desktop/Work/CHICO/EldritchBotanist/The_Eldritch_Botanist/EldritchBotanistGame/Content/Input/Touch/UI_TouchSimple.uexp" 669
"C:/Users/Will/Desktop/Work/CHICO/EldritchBotanist/The_Eldritch_Botanist/EldritchBotanistGame/Content/ThirdPerson/Blueprints/BP_ThirdPersonPlayerController.uasset" 670
"C:/Users/Will/Desktop/Work/CHICO/EldritchBotanist/The_Eldritch_Botanist/EldritchBotanistGame/Content/ThirdPerson/Blueprints/BP_ThirdPersonPlayerController.uexp" 671
"C:/Users/Will/Desktop/Work/CHICO/EldritchBotanist/The_Eldritch_Botanist/EldritchBotanistGame/Content/ThirdPerson/Blueprints/BP_ThirdPersonGameMode.uasset" 672
"C:/Users/Will/Desktop/Work/CHICO/EldritchBotanist/The_Eldritch_Botanist/EldritchBotanistGame/Content/ThirdPerson/Blueprints/BP_ThirdPersonGameMode.uexp" 673
"../../../Engine/Plugins/Interchange/Assets/Content/gltf/Textures/T_White_srgb.uasset" 674
"../../../Engine/Plugins/Interchange/Assets/Content/gltf/Textures/T_White_srgb.uexp" 675
"../../../Engine/Plugins/Interchange/Assets/Content/gltf/MaterialFunctions/MF_BaseColor.uasset" 676
"../../../Engine/Plugins/Interchange/Assets/Content/gltf/MaterialFunctions/MF_BaseColor.uexp" 677
"../../../Engine/Plugins/Interchange/Assets/Content/gltf/MaterialFunctions/MF_RotateV2.uasset" 678
"../../../Engine/Plugins/Interchange/Assets/Content/gltf/MaterialFunctions/MF_RotateV2.uexp" 679
"../../../Engine/Plugins/Interchange/Assets/Content/gltf/MaterialFunctions/MF_TransformUVs.uasset" 680
"../../../Engine/Plugins/Interchange/Assets/Content/gltf/MaterialFunctions/MF_TransformUVs.uexp" 681
"../../../Engine/Plugins/Interchange/Assets/Content/gltf/MaterialBodies/MF_Unlit_Body.uasset" 682
"../../../Engine/Plugins/Interchange/Assets/Content/gltf/MaterialBodies/MF_Unlit_Body.uexp" 683
"../../../Engine/Plugins/Interchange/Assets/Content/gltf/M_Unlit.uasset" 684
"../../../Engine/Plugins/Interchange/Assets/Content/gltf/M_Unlit.uexp" 685
"../../../Engine/Plugins/Interchange/Assets/Content/gltf/MaterialInstances/MI_Unlit_Opaque_DS.uasset" 686
"../../../Engine/Plugins/Interchange/Assets/Content/gltf/MaterialInstances/MI_Unlit_Opaque_DS.uexp" 687
"../../../Engine/Plugins/Interchange/Assets/Content/gltf/MaterialInstances/MI_Unlit_Opaque.uasset" 688
"../../../Engine/Plugins/Interchange/Assets/Content/gltf/MaterialInstances/MI_Unlit_Opaque.uexp" 689
"../../../Engine/Plugins/Interchange/Assets/Content/gltf/MaterialInstances/MI_Unlit_Mask_DS.uasset" 690
"../../../Engine/Plugins/Interchange/Assets/Content/gltf/MaterialInstances/MI_Unlit_Mask_DS.uexp" 691
"../../../Engine/Plugins/Interchange/Assets/Content/gltf/MaterialInstances/MI_Unlit_Mask.uasset" 692
"../../../Engine/Plugins/Interchange/Assets/Content/gltf/MaterialInstances/MI_Unlit_Mask.uexp" 693
"../../../Engine/Plugins/Interchange/Assets/Content/gltf/MaterialInstances/MI_Unlit_Blend_DS.uasset" 694
"../../../Engine/Plugins/Interchange/Assets/Content/gltf/MaterialInstances/MI_Unlit_Blend_DS.uexp" 695
"../../../Engine/Plugins/Interchange/Assets/Content/gltf/MaterialInstances/MI_Unlit_Blend.uasset" 696
"../../../Engine/Plugins/Interchange/Assets/Content/gltf/MaterialInstances/MI_Unlit_Blend.uexp" 697
"../../../Engine/Content/EngineMaterials/Good64x64TilingNoiseHighFreq.uasset" 698
"../../../Engine/Content/EngineMaterials/Good64x64TilingNoiseHighFreq.uexp" 699
"../../../Engine/Content/Functions/Engine_MaterialFunctions02/Texturing/ScreenAlignedPixelToPixelUVs.uasset" 700
"../../../Engine/Content/Functions/Engine_MaterialFunctions02/Texturing/ScreenAlignedPixelToPixelUVs.uexp" 701
"../../../Engine/Plugins/Interchange/Assets/Content/Utilities/New_LUT.uasset" 702
"../../../Engine/Plugins/Interchange/Assets/Content/Utilities/New_LUT.uexp" 703
"../../../Engine/Content/Functions/Engine_MaterialFunctions03/Math/RemapValueRange.uasset" 704
"../../../Engine/Content/Functions/Engine_MaterialFunctions03/Math/RemapValueRange.uexp" 705
"../../../Engine/Plugins/Interchange/Assets/Content/Functions/MF_Iridescence.uasset" 706
"../../../Engine/Plugins/Interchange/Assets/Content/Functions/MF_Iridescence.uexp" 707
"../../../Engine/Plugins/Interchange/Assets/Content/gltf/MaterialFunctions/MF_Fresnel_DS.uasset" 708
"../../../Engine/Plugins/Interchange/Assets/Content/gltf/MaterialFunctions/MF_Fresnel_DS.uexp" 709
"../../../Engine/Plugins/Interchange/Assets/Content/gltf/MaterialFunctions/MF_IOR.uasset" 710
"../../../Engine/Plugins/Interchange/Assets/Content/gltf/MaterialFunctions/MF_IOR.uexp" 711
"../../../Engine/Plugins/Interchange/Assets/Content/gltf/MaterialFunctions/MF_Iridescence.uasset" 712
"../../../Engine/Plugins/Interchange/Assets/Content/gltf/MaterialFunctions/MF_Iridescence.uexp" 713
"../../../Engine/Plugins/Interchange/Assets/Content/gltf/Textures/T_White_Linear.uasset" 714
"../../../Engine/Plugins/Interchange/Assets/Content/gltf/Textures/T_White_Linear.uexp" 715
"../../../Engine/Plugins/Interchange/Assets/Content/gltf/MaterialFunctions/MF_MetallicRoughness.uasset" 716
"../../../Engine/Plugins/Interchange/Assets/Content/gltf/MaterialFunctions/MF_MetallicRoughness.uexp" 717
"../../../Engine/Content/Functions/Engine_MaterialFunctions02/Math/Transform3x3Matrix.uasset" 718
"../../../Engine/Content/Functions/Engine_MaterialFunctions02/Math/Transform3x3Matrix.uexp" 719
"../../../Engine/Plugins/Interchange/Assets/Content/gltf/MaterialFunctions/MF_RotateNormals_TS.uasset" 720
"../../../Engine/Plugins/Interchange/Assets/Content/gltf/MaterialFunctions/MF_RotateNormals_TS.uexp" 721
"../../../Engine/Plugins/Interchange/Assets/Content/gltf/MaterialFunctions/MF_ScaleNormal.uasset" 722
"../../../Engine/Plugins/Interchange/Assets/Content/gltf/MaterialFunctions/MF_ScaleNormal.uexp" 723
"../../../Engine/Plugins/Interchange/Assets/Content/gltf/Textures/T_Generic_N.uasset" 724
"../../../Engine/Plugins/Interchange/Assets/Content/gltf/Textures/T_Generic_N.uexp" 725
"../../../Engine/Plugins/Interchange/Assets/Content/gltf/MaterialFunctions/MF_Normals.uasset" 726
"../../../Engine/Plugins/Interchange/Assets/Content/gltf/MaterialFunctions/MF_Normals.uexp" 727
"../../../Engine/Plugins/Interchange/Assets/Content/gltf/MaterialFunctions/MF_Occlusion.uasset" 728
"../../../Engine/Plugins/Interchange/Assets/Content/gltf/MaterialFunctions/MF_Occlusion.uexp" 729
"../../../Engine/Plugins/Interchange/Assets/Content/gltf/MaterialFunctions/MF_Specular.uasset" 730
"../../../Engine/Plugins/Interchange/Assets/Content/gltf/MaterialFunctions/MF_Specular.uexp" 731
"../../../Engine/Plugins/Interchange/Assets/Content/gltf/Textures/T_Anisotropy_Direction_Linear.uasset" 732
"../../../Engine/Plugins/Interchange/Assets/Content/gltf/Textures/T_Anisotropy_Direction_Linear.uexp" 733
"../../../Engine/Plugins/Interchange/Assets/Content/gltf/MaterialFunctions/MF_SpecularAnisotropy.uasset" 734
"../../../Engine/Plugins/Interchange/Assets/Content/gltf/MaterialFunctions/MF_SpecularAnisotropy.uexp" 735
"../../../Engine/Plugins/Interchange/Assets/Content/gltf/MaterialFunctions/MF_Temporal_Blur.uasset" 736
"../../../Engine/Plugins/Interchange/Assets/Content/gltf/MaterialFunctions/MF_Temporal_Blur.uexp" 737
"../../../Engine/Plugins/Interchange/Assets/Content/gltf/MaterialFunctions/MF_Transmission.uasset" 738
"../../../Engine/Plugins/Interchange/Assets/Content/gltf/MaterialFunctions/MF_Transmission.uexp" 739
"../../../Engine/Plugins/Interchange/Assets/Content/gltf/MaterialBodies/MF_Transmission_Body.uasset" 740
"../../../Engine/Plugins/Interchange/Assets/Content/gltf/MaterialBodies/MF_Transmission_Body.uexp" 741
"../../../Engine/Plugins/Interchange/Assets/Content/gltf/M_Transmission.uasset" 742
"../../../Engine/Plugins/Interchange/Assets/Content/gltf/M_Transmission.uexp" 743
"../../../Engine/Plugins/Interchange/Assets/Content/gltf/MaterialInstances/MI_Transmission_DS.uasset" 744
"../../../Engine/Plugins/Interchange/Assets/Content/gltf/MaterialInstances/MI_Transmission_DS.uexp" 745
"../../../Engine/Plugins/Interchange/Assets/Content/gltf/MaterialInstances/MI_Transmission.uasset" 746
"../../../Engine/Plugins/Interchange/Assets/Content/gltf/MaterialInstances/MI_Transmission.uexp" 747
"../../../Engine/Content/Functions/Engine_MaterialFunctions02/Math/AddComponents.uasset" 748
"../../../Engine/Content/Functions/Engine_MaterialFunctions02/Math/AddComponents.uexp" 749
"../../../Engine/Plugins/Interchange/Assets/Content/gltf/MaterialFunctions/MF_DiffuseSpecGloss.uasset" 750
"../../../Engine/Plugins/Interchange/Assets/Content/gltf/MaterialFunctions/MF_DiffuseSpecGloss.uexp" 751
"../../../Engine/Plugins/Interchange/Assets/Content/gltf/MaterialFunctions/MF_Emissive.uasset" 752
"../../../Engine/Plugins/Interchange/Assets/Content/gltf/MaterialFunctions/MF_Emissive.uexp" 753
"../../../Engine/Plugins/Interchange/Assets/Content/gltf/MaterialFunctions/MF_MaxComponentValue.uasset" 754
"../../../Engine/Plugins/Interchange/Assets/Content/gltf/MaterialFunctions/MF_MaxComponentValue.uexp" 755
"../../../Engine/Plugins/Interchange/Assets/Content/gltf/MaterialFunctions/MF_PerceivedBrightness.uasset" 756
"../../../Engine/Plugins/Interchange/Assets/Content/gltf/MaterialFunctions/MF_PerceivedBrightness.uexp" 757
"../../../Engine/Plugins/Interchange/Assets/Content/gltf/MaterialFunctions/MF_SpecGlossToMetalRoughness.uasset" 758
"../../../Engine/Plugins/Interchange/Assets/Content/gltf/MaterialFunctions/MF_SpecGlossToMetalRoughness.uexp" 759
"../../../Engine/Plugins/Interchange/Assets/Content/gltf/MaterialBodies/MF_SpecularGlossiness_Body.uasset" 760
"../../../Engine/Plugins/Interchange/Assets/Content/gltf/MaterialBodies/MF_SpecularGlossiness_Body.uexp" 761
"../../../Engine/Plugins/Interchange/Assets/Content/gltf/M_SpecularGlossiness.uasset" 762
"../../../Engine/Plugins/Interchange/Assets/Content/gltf/M_SpecularGlossiness.uexp" 763
"../../../Engine/Plugins/Interchange/Assets/Content/gltf/MaterialInstances/MI_SpecularGlossiness_Opaque_DS.uasset" 764
"../../../Engine/Plugins/Interchange/Assets/Content/gltf/MaterialInstances/MI_SpecularGlossiness_Opaque_DS.uexp" 765
"../../../Engine/Plugins/Interchange/Assets/Content/gltf/MaterialInstances/MI_SpecularGlossiness_Opaque.uasset" 766
"../../../Engine/Plugins/Interchange/Assets/Content/gltf/MaterialInstances/MI_SpecularGlossiness_Opaque.uexp" 767
"../../../Engine/Plugins/Interchange/Assets/Content/gltf/MaterialInstances/MI_SpecularGlossiness_Mask_DS.uasset" 768
"../../../Engine/Plugins/Interchange/Assets/Content/gltf/MaterialInstances/MI_SpecularGlossiness_Mask_DS.uexp" 769
"../../../Engine/Plugins/Interchange/Assets/Content/gltf/MaterialInstances/MI_SpecularGlossiness_Mask.uasset" 770
"../../../Engine/Plugins/Interchange/Assets/Content/gltf/MaterialInstances/MI_SpecularGlossiness_Mask.uexp" 771
"../../../Engine/Plugins/Interchange/Assets/Content/gltf/MaterialInstances/MI_SpecularGlossiness_Blend_DS.uasset" 772
"../../../Engine/Plugins/Interchange/Assets/Content/gltf/MaterialInstances/MI_SpecularGlossiness_Blend_DS.uexp" 773
"../../../Engine/Plugins/Interchange/Assets/Content/gltf/MaterialInstances/MI_SpecularGlossiness_Blend.uasset" 774
"../../../Engine/Plugins/Interchange/Assets/Content/gltf/MaterialInstances/MI_SpecularGlossiness_Blend.uexp" 775
"../../../Engine/Plugins/Interchange/Assets/Content/gltf/MaterialFunctions/MF_Sheen.uasset" 776
"../../../Engine/Plugins/Interchange/Assets/Content/gltf/MaterialFunctions/MF_Sheen.uexp" 777
"../../../Engine/Plugins/Interchange/Assets/Content/gltf/MaterialBodies/MF_Sheen_Body.uasset" 778
"../../../Engine/Plugins/Interchange/Assets/Content/gltf/MaterialBodies/MF_Sheen_Body.uexp" 779
"../../../Engine/Plugins/Interchange/Assets/Content/gltf/M_Sheen.uasset" 780
"../../../Engine/Plugins/Interchange/Assets/Content/gltf/M_Sheen.uexp" 781
"../../../Engine/Plugins/Interchange/Assets/Content/gltf/MaterialInstances/MI_Sheen_Opaque_DS.uasset" 782
"../../../Engine/Plugins/Interchange/Assets/Content/gltf/MaterialInstances/MI_Sheen_Opaque_DS.uexp" 783
"../../../Engine/Plugins/Interchange/Assets/Content/gltf/MaterialInstances/MI_Sheen_Opaque.uasset" 784
"../../../Engine/Plugins/Interchange/Assets/Content/gltf/MaterialInstances/MI_Sheen_Opaque.uexp" 785
"../../../Engine/Plugins/Interchange/Assets/Content/gltf/MaterialInstances/MI_Sheen_Mask_DS.uasset" 786
"../../../Engine/Plugins/Interchange/Assets/Content/gltf/MaterialInstances/MI_Sheen_Mask_DS.uexp" 787
"../../../Engine/Plugins/Interchange/Assets/Content/gltf/MaterialInstances/MI_Sheen_Mask.uasset" 788
"../../../Engine/Plugins/Interchange/Assets/Content/gltf/MaterialInstances/MI_Sheen_Mask.uexp" 789
"../../../Engine/Plugins/Interchange/Assets/Content/gltf/MaterialInstances/MI_Sheen_Blend_DS.uasset" 790
"../../../Engine/Plugins/Interchange/Assets/Content/gltf/MaterialInstances/MI_Sheen_Blend_DS.uexp" 791
"../../../Engine/Plugins/Interchange/Assets/Content/gltf/MaterialInstances/MI_Sheen_Blend.uasset" 792
"../../../Engine/Plugins/Interchange/Assets/Content/gltf/MaterialInstances/MI_Sheen_Blend.uexp" 793
"../../../Engine/Plugins/Interchange/Assets/Content/gltf/MaterialBodies/MF_Default_Body.uasset" 794
"../../../Engine/Plugins/Interchange/Assets/Content/gltf/MaterialBodies/MF_Default_Body.uexp" 795
"../../../Engine/Plugins/Interchange/Assets/Content/gltf/M_Default.uasset" 796
"../../../Engine/Plugins/Interchange/Assets/Content/gltf/M_Default.uexp" 797
"../../../Engine/Plugins/Interchange/Assets/Content/gltf/MaterialInstances/MI_Default_Opaque_DS.uasset" 798
"../../../Engine/Plugins/Interchange/Assets/Content/gltf/MaterialInstances/MI_Default_Opaque_DS.uexp" 799
"../../../Engine/Plugins/Interchange/Assets/Content/gltf/MaterialInstances/MI_Default_Opaque.uasset" 800
"../../../Engine/Plugins/Interchange/Assets/Content/gltf/MaterialInstances/MI_Default_Opaque.uexp" 801
"../../../Engine/Plugins/Interchange/Assets/Content/gltf/MaterialInstances/MI_Default_Mask_DS.uasset" 802
"../../../Engine/Plugins/Interchange/Assets/Content/gltf/MaterialInstances/MI_Default_Mask_DS.uexp" 803
"../../../Engine/Plugins/Interchange/Assets/Content/gltf/MaterialInstances/MI_Default_Mask.uasset" 804
"../../../Engine/Plugins/Interchange/Assets/Content/gltf/MaterialInstances/MI_Default_Mask.uexp" 805
"../../../Engine/Plugins/Interchange/Assets/Content/gltf/MaterialInstances/MI_Default_Blend_DS.uasset" 806
"../../../Engine/Plugins/Interchange/Assets/Content/gltf/MaterialInstances/MI_Default_Blend_DS.uexp" 807
"../../../Engine/Plugins/Interchange/Assets/Content/gltf/MaterialInstances/MI_Default_Blend.uasset" 808
"../../../Engine/Plugins/Interchange/Assets/Content/gltf/MaterialInstances/MI_Default_Blend.uexp" 809
"../../../Engine/Content/Functions/Engine_MaterialFunctions01/Texturing/FlattenNormal.uasset" 810
"../../../Engine/Content/Functions/Engine_MaterialFunctions01/Texturing/FlattenNormal.uexp" 811
"../../../Engine/Plugins/Interchange/Assets/Content/gltf/MaterialFunctions/MF_Clearcoat.uasset" 812
"../../../Engine/Plugins/Interchange/Assets/Content/gltf/MaterialFunctions/MF_Clearcoat.uexp" 813
"../../../Engine/Plugins/Interchange/Assets/Content/gltf/MaterialBodies/MF_ClearCoat_Body.uasset" 814
"../../../Engine/Plugins/Interchange/Assets/Content/gltf/MaterialBodies/MF_ClearCoat_Body.uexp" 815
"../../../Engine/Plugins/Interchange/Assets/Content/gltf/M_ClearCoat.uasset" 816
"../../../Engine/Plugins/Interchange/Assets/Content/gltf/M_ClearCoat.uexp" 817
"../../../Engine/Plugins/Interchange/Assets/Content/gltf/MaterialInstances/MI_ClearCoat_Opaque_DS.uasset" 818
"../../../Engine/Plugins/Interchange/Assets/Content/gltf/MaterialInstances/MI_ClearCoat_Opaque_DS.uexp" 819
"../../../Engine/Plugins/Interchange/Assets/Content/gltf/MaterialInstances/MI_ClearCoat_Opaque.uasset" 820
"../../../Engine/Plugins/Interchange/Assets/Content/gltf/MaterialInstances/MI_ClearCoat_Opaque.uexp" 821
"../../../Engine/Plugins/Interchange/Assets/Content/gltf/MaterialInstances/MI_ClearCoat_Mask_DS.uasset" 822
"../../../Engine/Plugins/Interchange/Assets/Content/gltf/MaterialInstances/MI_ClearCoat_Mask_DS.uexp" 823
"../../../Engine/Plugins/Interchange/Assets/Content/gltf/MaterialInstances/MI_ClearCoat_Mask.uasset" 824
"../../../Engine/Plugins/Interchange/Assets/Content/gltf/MaterialInstances/MI_ClearCoat_Mask.uexp" 825
"../../../Engine/Plugins/Interchange/Assets/Content/gltf/MaterialInstances/MI_ClearCoat_Blend_DS.uasset" 826
"../../../Engine/Plugins/Interchange/Assets/Content/gltf/MaterialInstances/MI_ClearCoat_Blend_DS.uexp" 827
"../../../Engine/Plugins/Interchange/Assets/Content/gltf/MaterialInstances/MI_ClearCoat_Blend.uasset" 828
"../../../Engine/Plugins/Interchange/Assets/Content/gltf/MaterialInstances/MI_ClearCoat_Blend.uexp" 829
"../../../Engine/Content/ArtTools/RenderToTexture/Meshes/S_1_Unit_Plane.ubulk" 830
"../../../Engine/Content/ArtTools/RenderToTexture/Meshes/S_1_Unit_Plane.uasset" 831
"../../../Engine/Content/ArtTools/RenderToTexture/Meshes/S_1_Unit_Plane.uexp" 832
"../../../Engine/Content/EngineMaterials/Substrate/Volume/SubstrateSimpleVolumeLUT3D.uasset" 833
"../../../Engine/Content/EngineMaterials/Substrate/Volume/SubstrateSimpleVolumeLUT3D.uexp" 834
"../../../Engine/Content/EngineMaterials/Substrate/Volume/SubstrateSimpleVolumeEnvLUT3D.uasset" 835
"../../../Engine/Content/EngineMaterials/Substrate/Volume/SubstrateSimpleVolumeEnvLUT3D.uexp" 836
"../../../Engine/Content/EngineMaterials/Substrate/Glints2/AGlintTex2dArray2.uasset" 837
"../../../Engine/Content/EngineMaterials/Substrate/Glints2/AGlintTex2dArray2.uexp" 838
"../../../Engine/Content/EngineMaterials/Substrate/GLints/AGlintTex2dArray.uasset" 839
"../../../Engine/Content/EngineMaterials/Substrate/GLints/AGlintTex2dArray.uexp" 840
"../../../Engine/Content/Functions/Engine_MaterialFunctions01/Shading/PowerToRoughness.uasset" 841
"../../../Engine/Content/Functions/Engine_MaterialFunctions01/Shading/PowerToRoughness.uexp" 842
"../../../Engine/Content/Functions/Engine_MaterialFunctions01/Shading/ConvertFromDiffSpec.uasset" 843
"../../../Engine/Content/Functions/Engine_MaterialFunctions01/Shading/ConvertFromDiffSpec.uexp" 844
"../../../Engine/Content/VREditor/Sounds/UI/Drop_Item_From_ContentBrowser.ubulk" 845
"../../../Engine/Content/VREditor/Sounds/UI/Drop_Item_From_ContentBrowser.uasset" 846
"../../../Engine/Content/VREditor/Sounds/UI/Drop_Item_From_ContentBrowser.uexp" 847
"../../../Engine/Content/VREditor/TransformGizmo/TransformGizmoMaterial_Inst.uasset" 848
"../../../Engine/Content/VREditor/TransformGizmo/TransformGizmoMaterial_Inst.uexp" 849
"../../../Engine/Content/VREditor/TransformGizmo/TranslucentTransformGizmoMaterial_Inst.uasset" 850
"../../../Engine/Content/VREditor/TransformGizmo/TranslucentTransformGizmoMaterial_Inst.uexp" 851
"../../../Engine/Content/Functions/Engine_MaterialFunctions02/SplitComponents.uasset" 852
"../../../Engine/Content/Functions/Engine_MaterialFunctions02/SplitComponents.uexp" 853
"../../../Engine/Content/VREditor/SnapGrid/SnapGridMaterial.uasset" 854
"../../../Engine/Content/VREditor/SnapGrid/SnapGridMaterial.uexp" 855
"../../../Engine/Content/VREditor/SnapGrid/SnapGridPlaneMesh.ubulk" 856
"../../../Engine/Content/VREditor/SnapGrid/SnapGridPlaneMesh.uasset" 857
"../../../Engine/Content/VREditor/SnapGrid/SnapGridPlaneMesh.uexp" 858
"../../../Engine/Content/VREditor/Sounds/UI/Gizmo_Handle_Clicked.ubulk" 859
"../../../Engine/Content/VREditor/Sounds/UI/Gizmo_Handle_Clicked.uasset" 860
"../../../Engine/Content/VREditor/Sounds/UI/Gizmo_Handle_Clicked.uexp" 861
"../../../Engine/Content/VREditor/Sounds/UI/Object_PickUp.ubulk" 862
"../../../Engine/Content/VREditor/Sounds/UI/Object_PickUp.uasset" 863
"../../../Engine/Content/VREditor/Sounds/UI/Object_PickUp.uexp" 864
"../../../Engine/Content/VREditor/Sounds/UI/Object_Snaps_To_Another_Actor.ubulk" 865
"../../../Engine/Content/VREditor/Sounds/UI/Object_Snaps_To_Another_Actor.uasset" 866
"../../../Engine/Content/VREditor/Sounds/UI/Object_Snaps_To_Another_Actor.uexp" 867
"../../../Engine/Content/VREditor/Sounds/UI/Object_Snaps_To_Grid.ubulk" 868
"../../../Engine/Content/VREditor/Sounds/UI/Object_Snaps_To_Grid.uasset" 869
"../../../Engine/Content/VREditor/Sounds/UI/Object_Snaps_To_Grid.uexp" 870
"../../../Engine/Content/VREditor/Sounds/UI/Scaling_Down.ubulk" 871
"../../../Engine/Content/VREditor/Sounds/UI/Scaling_Down.uasset" 872
"../../../Engine/Content/VREditor/Sounds/UI/Scaling_Down.uexp" 873
"../../../Engine/Content/VREditor/Sounds/UI/Scaling_Up.ubulk" 874
"../../../Engine/Content/VREditor/Sounds/UI/Scaling_Up.uasset" 875
"../../../Engine/Content/VREditor/Sounds/UI/Scaling_Up.uexp" 876
"../../../Engine/Content/VREditor/Sounds/UI/Selection_Changes.ubulk" 877
"../../../Engine/Content/VREditor/Sounds/UI/Selection_Changes.uasset" 878
"../../../Engine/Content/VREditor/Sounds/UI/Selection_Changes.uexp" 879
"../../../Engine/Content/VREditor/TransformGizmo/PlaneTranslationHandle.ubulk" 880
"../../../Engine/Content/VREditor/TransformGizmo/PlaneTranslationHandle.uasset" 881
"../../../Engine/Content/VREditor/TransformGizmo/PlaneTranslationHandle.uexp" 882
"../../../Engine/Content/VREditor/TransformGizmo/RotationHandleFull.ubulk" 883
"../../../Engine/Content/VREditor/TransformGizmo/RotationHandleFull.uasset" 884
"../../../Engine/Content/VREditor/TransformGizmo/RotationHandleFull.uexp" 885
"../../../Engine/Content/VREditor/TransformGizmo/RotationHandleIndicator.ubulk" 886
"../../../Engine/Content/VREditor/TransformGizmo/RotationHandleIndicator.uasset" 887
"../../../Engine/Content/VREditor/TransformGizmo/RotationHandleIndicator.uexp" 888
"../../../Engine/Content/VREditor/TransformGizmo/RotationHandleQuarter.ubulk" 889
"../../../Engine/Content/VREditor/TransformGizmo/RotationHandleQuarter.uasset" 890
"../../../Engine/Content/VREditor/TransformGizmo/RotationHandleQuarter.uexp" 891
"../../../Engine/Content/VREditor/TransformGizmo/StartRotationHandleIndicator.ubulk" 892
"../../../Engine/Content/VREditor/TransformGizmo/StartRotationHandleIndicator.uasset" 893
"../../../Engine/Content/VREditor/TransformGizmo/StartRotationHandleIndicator.uexp" 894
"../../../Engine/Content/VREditor/TransformGizmo/TransformGizmoFreeRotation.ubulk" 895
"../../../Engine/Content/VREditor/TransformGizmo/TransformGizmoFreeRotation.uasset" 896
"../../../Engine/Content/VREditor/TransformGizmo/TransformGizmoFreeRotation.uexp" 897
"../../../Engine/Content/VREditor/TransformGizmo/TranslateArrowHandle.ubulk" 898
"../../../Engine/Content/VREditor/TransformGizmo/TranslateArrowHandle.uasset" 899
"../../../Engine/Content/VREditor/TransformGizmo/TranslateArrowHandle.uexp" 900
"../../../Engine/Content/VREditor/TransformGizmo/UniformScaleHandle.ubulk" 901
"../../../Engine/Content/VREditor/TransformGizmo/UniformScaleHandle.uasset" 902
"../../../Engine/Content/VREditor/TransformGizmo/UniformScaleHandle.uexp" 903
"../../../Engine/Plugins/Animation/DeformerGraph/Content/DeformerFunctions/DG_Function_LinearBlendSkin_Morph_Cloth.uasset" 904
"../../../Engine/Plugins/Animation/DeformerGraph/Content/DeformerFunctions/DG_Function_LinearBlendSkin_Morph_Cloth.uexp" 905
"../../../Engine/Plugins/Animation/DeformerGraph/Content/Deformers/DG_LinearBlendSkin_Morph_Cloth.uasset" 906
"../../../Engine/Plugins/Animation/DeformerGraph/Content/Deformers/DG_LinearBlendSkin_Morph_Cloth.uexp" 907
"../../../Engine/Plugins/Animation/DeformerGraph/Content/DeformerFunctions/DG_Function_LinearBlendSkin_Morph_Cloth_PositionOnly.uasset" 908
"../../../Engine/Plugins/Animation/DeformerGraph/Content/DeformerFunctions/DG_Function_LinearBlendSkin_Morph_Cloth_PositionOnly.uexp" 909
"../../../Engine/Plugins/Animation/DeformerGraph/Content/DeformerFunctions/DG_Function_ComputeNormalsTangents.uasset" 910
"../../../Engine/Plugins/Animation/DeformerGraph/Content/DeformerFunctions/DG_Function_ComputeNormalsTangents.uexp" 911
"../../../Engine/Plugins/Animation/DeformerGraph/Content/Deformers/DG_LinearBlendSkin_Morph_Cloth_RecomputeNormals.uasset" 912
"../../../Engine/Plugins/Animation/DeformerGraph/Content/Deformers/DG_LinearBlendSkin_Morph_Cloth_RecomputeNormals.uexp" 913
"../../../Engine/Content/Maps/Entry_BuiltData.uasset" 914
"../../../Engine/Content/Maps/Entry_BuiltData.uexp" 915
"../../../Engine/Content/Maps/Entry.uexp" 916
"../../../Engine/Content/Maps/Entry.umap" 917
"C:/Users/Will/Desktop/Work/CHICO/EldritchBotanist/The_Eldritch_Botanist/EldritchBotanistGame/Content/_Images/PlantsPatternButton.uasset" 918
"C:/Users/Will/Desktop/Work/CHICO/EldritchBotanist/The_Eldritch_Botanist/EldritchBotanistGame/Content/_Images/PlantsPatternButton.uexp" 919
"C:/Users/Will/Desktop/Work/CHICO/EldritchBotanist/The_Eldritch_Botanist/EldritchBotanistGame/Content/_Images/DropShadow.uasset" 920
"C:/Users/Will/Desktop/Work/CHICO/EldritchBotanist/The_Eldritch_Botanist/EldritchBotanistGame/Content/_Images/DropShadow.uexp" 921
"C:/Users/Will/Desktop/Work/CHICO/EldritchBotanist/The_Eldritch_Botanist/EldritchBotanistGame/Content/_Fonts/Wildyrus-Font.uexp" 922
"C:/Users/Will/Desktop/Work/CHICO/EldritchBotanist/The_Eldritch_Botanist/EldritchBotanistGame/Content/_Fonts/Wildyrus-Font.uasset" 923
"C:/Users/Will/Desktop/Work/CHICO/EldritchBotanist/The_Eldritch_Botanist/EldritchBotanistGame/Content/_Fonts/Wildyrus-Font.ufont" 924
"C:/Users/Will/Desktop/Work/CHICO/EldritchBotanist/The_Eldritch_Botanist/EldritchBotanistGame/Content/_Fonts/Wildyrus-Font_Font.uasset" 925
"C:/Users/Will/Desktop/Work/CHICO/EldritchBotanist/The_Eldritch_Botanist/EldritchBotanistGame/Content/_Fonts/Wildyrus-Font_Font.uexp" 926
"C:/Users/Will/Desktop/Work/CHICO/EldritchBotanist/The_Eldritch_Botanist/EldritchBotanistGame/Content/_Fonts/DT_TextStyles.uasset" 927
"C:/Users/Will/Desktop/Work/CHICO/EldritchBotanist/The_Eldritch_Botanist/EldritchBotanistGame/Content/_Fonts/DT_TextStyles.uexp" 928
"C:/Users/Will/Desktop/Work/CHICO/EldritchBotanist/The_Eldritch_Botanist/EldritchBotanistGame/Content/_Audio/Click_Basic.ubulk" 929
"C:/Users/Will/Desktop/Work/CHICO/EldritchBotanist/The_Eldritch_Botanist/EldritchBotanistGame/Content/_Audio/Click_Basic.uasset" 930
"C:/Users/Will/Desktop/Work/CHICO/EldritchBotanist/The_Eldritch_Botanist/EldritchBotanistGame/Content/_Audio/Click_Basic.uexp" 931
"C:/Users/Will/Desktop/Work/CHICO/EldritchBotanist/The_Eldritch_Botanist/EldritchBotanistGame/Content/_Blueprints/UI/WBP_MainMenu.uasset" 932
"C:/Users/Will/Desktop/Work/CHICO/EldritchBotanist/The_Eldritch_Botanist/EldritchBotanistGame/Content/_Blueprints/UI/WBP_MainMenu.uexp" 933
"C:/Users/Will/Desktop/Work/CHICO/EldritchBotanist/The_Eldritch_Botanist/EldritchBotanistGame/Content/_Scenes/Menus/Main_Menu.uexp" 934
"C:/Users/Will/Desktop/Work/CHICO/EldritchBotanist/The_Eldritch_Botanist/EldritchBotanistGame/Content/_Scenes/Menus/Main_Menu.umap" 935
